U2FsdGVkX182zKKSLV7wCsh22nAPyCuYa6VL0RvRcB5Cd9GYUZmg6hcUZTbPAza7
9M9gmjigDTgzV7YgGflmq0N/S+j9R5drF3pwTxfGFzQe/RlqlKiWkaJ9EuiGcS72
xNpIwxUA4t35nkstJkFx+kn4iBPJ0WE3DksUyx/HA+n9FKkmzdPjKkAuGD+PUav5
pcfWoBf+Sfwl8/oTfmc0oHWZsTlHDIoX6FWE+w34AUPkm5WFmPeqktbQc+CIXqeC
8QurT1FGoIYdL4GXY9Dujd475sxIxULPRGoekMbTT3g9ps5unH0PLZk0TDvGGqO8
jBeMjHge8FMjbWQBgcKuoBoBeAIc7w/3rBJSlP3521MbsgM7SMXL345vRVllmd8d
A2tLpNbpHf1E8Qjj/hpMQhZ4r81DO1th604aEOPdrnl8t3KxTSn6iT691OzXzE7j
i3sY8P4n5NTwG9+Z9uAMlhJn7EYl9XHXTS/4MdMstwm9Av9h3I8Hp9pvUzB3rQve
1zsOJiYcwvO8hvDU2LwexuFq9+BscjThAfEtNdc334z4w6DG1Li/3uI5sSAHXNkV
kXKJeXUxygWGqj4r3dmQUuxBPtZ6/3bQfk556rRbNbcdTLdK1oDGjsdgwzFkj0yk
z0zawe9Kuv3q4K8dMTqBIeTF0KwSZ5vWXeNEIO5lCntQ3aJ/w+aCY1jBsAX+WFjq
1Y5DvRjjg2DRpjRoppSPZo/9NC38nregpRJFETOsn4cdCuxmihVZqQRETyzH3cxM
1xIPrQO90EXA66EXiYj7s/p6E/yPRMs/jg5FSeeHIZTJPf0F48SbERsoKtrS1jel
ULDWxEJDqnDiesz0r5WxetAjFhPo9csnaIVSnGhASg6kgmIs7DspjrTeZBtwDMru
ngvZZCFBzv9CwZlvzmQPxfxv/aKoB7KE0GJCJK+H/ziQKr2EjC5JUB+PYWXHB3/q
q8c+lS3CrY6CvQWI0ces7kHP5jkvGEFMCIj3XbBnXcZtyVvOE5SA70Y0zNvLsDhU
yN28pwmNKexN2j4xNTT6gh3zTw90+vWv8e2QzhbiDsazPvZjIe/0YsS3P3qjGeZR
rq0WbAGu/1r8ejDohplYPHxvjCt81dx0TiPOx/56hqfivrEsN1Q/iOOxb+5vqb7E
04n+wdWaMxJuZ7u8W2Ql1naRUapLdrz3STpqzXrMkoEpCWM31V1TvOcD/KtDEjEC
NeQ3l721xZWcI8bly7rcLTgSh6YSSHZL8ou73OiUDJwyggy+q1EwTAnM7W7e3XWs
UiChYrZfmWXpIl52Yin9qlWpGL8FWJ3fKo0cRD7xR5w+Fll6tlqDT7BRRxEyNt5j
JkZDNrRtgx57wSldRPLfRE4E5o8EgAduCoDLliDICpjRLVNkPIY9v+n7IsjZLFog
o8lvW6FC5hUfrqBQocXoztQj9PxrX5zTGI+JXWXacogBfax55xrlsCRJfaeJm4gz
Om1DlwOJR3baI0wCE0gGfl1np/5qnPU6fkwG1e6JduNCEzMzwdtwJhe3/dPalQpl
amNLUiNM1JndcJiEw+d4I5DwDI/HafcKVUoRC2Zm3ZyxnlzHaDLqbEhsrmEWc2gu
htxJfPYtGAPQXDXVULhNiwbRcycdP5G9JYcbZu8lZQsVmPBT/QJUooN1Kqux108J
63GK1xVBCRcT14y5KnZt9S/QipGYDC/v1W6XhE8dfNo3drVLaw/gViBcGqq9sHWS
nrPxCyZlhrU5bl/DSnFedZzlQS7WPsK7VFw+U6UOdI362uvoIR855XQI6ltYmZNh
3YaIv82+X1nBpjBhWHOrXsWjeeYTcaaD7r06whJXsDISM3Td26EwwL7tFnSmOEs/
+KvMTZS6TOHRXtPYYh40HwHVrDxTZYgs43zTW2s31uE2W58jMcXZ3bKHBhAFMVsO
EMWvdTdZd3+4x/A5PqPbjLO+u9rIfkM7i0ZHnrfyzlvkDGoU3SKFd/kYwV8P6V5l
QUfRXhhPFw3t92oPPNakYF2hNyYI76V7OhQtMPHF0Id20wUuwK/ekWIc9NXuyAd5
CAAcAlcUbktibnOc2QnvBUIGPj//hJZiSaGHdCcp0G7DsHZQ7aVVG77hCD8Kpi7n
k7SHjEb6SnLygRcR64vYzy3sVDgLw+Hm4lEi55r0cigK7EVsvQJWOa/JW+fmmhS2
tdAAOOJnzZM4RjVIbDC98kVhIqRfroZLMxtALIU3F5P8V0VFXR9hnB59fEqRiYuA
BWFxFu7PrGbhILJB3x6LcQ1oD8iRcpK/F9I5tNT+pzWx30Di/siJgWI24MtPkddK
PkeTD+3M7ZTmaP+lMgG54v35BZ2EF6i0gNjMabtB3cA9Yn1l9+aE0A3DAUorFHRz
psT6ks+hatJNQQBcR2JQ3Cw6Sz7VR8pLWw41SBVWIG+r/qALCwE2YHm0vvvNF+ef
J6+96iOPgTZBdKFeDGXTH9vaTn3AjEL6op763fEXwDWYH57CaQMLHOZk9nQzi2iI
3V8kK1J7gEsSMf0oGiJ4GhWbxWV85LTDajgUEY+ws52vt+B2tECBTyVAKLqFHhDs
HvPswoLzEAecG107S+FQd8AykdotnbpxTdEMegd6dyajkpg1Wf3uUfc5AAZCi4t/
UCPF6+Yfd5dC8mgq0qI7e725TzBAUhpudvK7J4c5GYo+JNTys+N82o7CwrOVCsNp
DmkUK2K17u6w4cRC92PBd+UzNy3lLCjNteDslE3f1Rdv6CoBAHIM/BFpAhG2pHzx
Um1rKb6mwikGkj3mQH28p8fj4tQ2Qp0AzLGG5+VLl5bJY5JgOHz8wJJsly5w4XUY
NWRXXE48bfStrMGsPUf7LQ7w21hTluCDgaqErn3+R1s8ykmiHuIaFgD0Gg+Jf+Z6
+mOZvxkRH9jdMypWHIwlkv0ymHMHBwpUSAIRL6bI5GShY04lwvswtxvPK3W+Hkti
VHhjMOhOPukaU6Ri5vxf04QzNkCKT7TAQPy0Ytq1lBeWICbY5WHIev+QrPvFdyBh
x6rN7K4sw/mzUlfpjt/m7HezUWix+6moLsF+3Flp4MhPWeX8kSRqlCCDxXKQFWSY
xhMo+8p+s7cFyW24+UvRoAyQGZLHO5NQyr4oILFp37wdvrIdgcxbqk3uhf39l+xG
d94udXIDe4YRX+Pm7cHfc/Rk5YG4u2eDPDsk9akm7sTFj3vWAVLHAdrnfAVzrZ4X
5NIrOnKQt2jRAVQKl1yTDEPRxQpEfITmAVxPZhVYedeTOKBi2jomHOIfdR940yFi
Tv6I8DNBpg5WjBJgZHtfcsoRPedpB6idUhV1dfI481ym3X6oyC+9juEvtUrN2cR+
41c2bD4ArZjPHp2P+/QcapJiz8nmvol72DQHHEu+OPRwee26uv9CKY9HGZsFOM6I
6iGOlKYAmfjRJlKZ9XCdxSDSTIep1589Mt8oONgVxVTcftGZGhcHYk6oA1BqakfH
WUvGQFn7Cwq2GnYbDbsVAJhtfQ+kDCJxEro1tSyh78zy3aJ1ZefRzlxjDtPdBZMC
OkNAQDOPZobsxb/LyP7qcwSz0b7hoGLnVMICn8MIuA+OSm+b++tJgwzKVYf0Vo2x
Kz6WZ6UIT4gdGzvVGW8tAd3dK5zB+mScdrdryUpSouh1OhbmYBK8rDidA06HJWQ4
yVBzJAyLqF2ni1rK1j0CHWdAZJxpDgI7WzAUz9DluKqqON2YSwTQDNoBJcfQStbr
mCCuLj0NvQHydchye8IrmXw1EDgM9IH3KD+XlBeFH0WOwcLVFh9OUc6vEfLzgn7b
mtKMZGgUv6nwZEiS/Aw/VZga6RK78RF9p+B1lwHdyvRFPidSS0mXbGOwI/j0W9dD
nto6YL1RNhhVi2IXSOo6t5PWtSq7aMQf/xdQORPPx6xAmVRbUimmOA3RbU82nwE8
+DXRwIkYNWSF0QFD5jWamfJ5tdh0sz+p8WJL3pKLyGm74kBFi9bUKUb8K8zb0J1C
mMQZlEMfBGkGdN9LrIoPSJRNTHgGKeZqwhe25SYce8jtwtJVueRNs9S5GaV6/hyT
jWZd9CVucSAVb4cOriGVu8mtqz0xy79eOABFheDuQd7WEGkL4v7TgBel+NPSE2kU
buJh8TJWGpnjunG2RHYLUS+SiHRPuJ8bPCTdcj5xIvsjhyDjnWgQqwoG1p/aJ1Dv
o7lJ8pNhLtRPoW0OaiPPPAO7UcnAay8TXlQZOmINlGOSnQMKeHhOpWO97tcCHdzi
l4ux32xTkpwdE+4okZfaA9Va2laJTKoXxY1W17PvW1D7HvGgkHkj0AMsTjljyO2C
FUxBEZe59ovd0+Pf7EjaTh+n/IhAnzWDPpE4ObFvnjBWypTZAWQfdGG69a1ItRRt
kgGZDgwg+R9QPpwcMu7KQdEQI+aLx0V7muMrhB85sbw8vIaKgRjejN7yPJ+y44K5
F/qKblrnpR5gg4MOCAwkHjAl2r2F9kvv573xOX19rjXUp5jJRVbtnVVqxPwcSt7V
ZbZN6TiZMq7dsHfYKjGgSZHFrbj52YihjMfflfOtpErKB50/LORMT4JxnWykhhd8
Wi0PwAShdEEs0pbgSLA4YARhxUMXdUkN983ngCXOcMpHSLz6T9unxH9ay8S5IGE5
0i+J/xP/H/uWvMSGZ9LvV7T8q7yRw06S51cTvGPlO56r0aQ5bZ1sKtphkMdA+SBY
d4FBRIIdpQB6qsNhULOSHML1M94EJpzhCP9ZiuUCfjrLDKmEMpNpN9bMJk7rM8mR
ERzn394xIMLBItkuo0Q/FYcZ7wiR7VbejEFS5clbW3LklzX/Gd/1B7cgH+dvigw1
2kKE3vtHtUBckAMYCPTMhPac+kaJogVdDeFo+tMzpY4urxDjcMGhcpzjcIHkFKV5
g9hI3uFUQ4S+7/C3BhRA07FenToHf7JyDaOPROwwWF/MDbDIYFcr4bxYcTkFsKgB
GynuN6euFh6pMRnT6m3aJW/DqlAEEx/ZycA2yVYw9RnIo+JYuT7j74A2a8WB75uk
f3vGGg3EAsjxOCSsiSuCi28THoi8EAtN5FHe4tT65WtNavzxFAhZGEbo1UPfma0x
ELw6kZyGGj8636XXxJ84y0JoVLLhkB6tPHNg8cJQVx/SvS/haGQv5LscIhxj3fgG
2+fdOEGTxq8I/IURqVkJrNHLpegdVPoGhBPcONC1fZAvcTMu3L5pQ2r5bCKutwLo
aYIxT0WUbgc0TFocphjQYErk8sladA7MWgyk/6U14b5HI5+uozowWCyTENOaDOJX
ZB4IakiPNveWv9G+fkA11kXAZa76qVVPMginNiTpB2bZOqCXPGzuGWbHxydgo+jK
cyixRxlSen5UCWupXGIPzXuxNZ+JHJ4pzc3/8GAjFAnd5vbrUev4kKGhHn2WIE3D
DI6RhKdlobkOZ/iXn2+4hYbG8hYpYzhu59qMYB7PbZEhPTXqRzQnXB1M47jtAae9
xfozpoy52TM8aluYr/xDGNkuNfs7ly0Jmf+gNSifWebHoxYUyZgiqbAMEWvShA4u
bvisH7v2/dSS2LpQRxui0WRQmdnmbz1JORWL7t+unDXTDpiu/qP3Dnt6UVsSVe7t
eKNsh7Xlzdvy+yAJah/qOLC2I9RUpwDMHcwry7MnP5Te6HkU9ieZ+HCz9L28mrpk
ZYclZA/qGMeUp+HadYvgRq+Dtn9QViu9tMymMjrJ9hX22GCr60cj6r2/y5WXDfAT
XifNYWPd0hcIZ2hBdqINugOtiFJyZgRP3WU49A9uCwVXA07NZcuFECTFvLwoM9lT
7Xky3ajcdYCZUQmZTY5H8oEI+ZpBnqPR7ut1e8JQZpP3G+JMpcUpZ8n44xfkuJW1
m4+hRT2Eh7QuHStXa4f289Y/wF4UEpMk7MiCt6Er6pUtLod2aPEj35kA9qT40qos
OmCTG4aprlwA3sVAP05lH3djWMEkdkDQqDJ2jSUp0K8qyg0iPOcbSG69tHtyTlAe
OeltQVUFLJl3CNC/07GuralPCuqCsbSSq42d0yWsemrygQtne3JpmPeUw6zkH34t
c5MhB8hvqafkbSHJFfymbaSjIzFBDA8sIiI2SlvBx09sR909xHm2x9lfU/N/UJJH
vcUq8hUoVK8PiOJX0fICa2CptsUpGQQjX2F+1XJt/nEIinypRXSJh68hh3Mq7wdM
2lzRa46YE1xff/FGbCvE3rVtO4ZymJHjY34SFCqrLw7/l8j+9FajKZfGBh2OpPYX
1RTEk3jrcnp0V6S7l1tcxesN98nffBhLZ5Avv27VOKmcTczyqst5MfH/mKi+lHR5
sx/uCZ/H9HTKWqN/kWnULdsckZTuwqec2Uh1NR6V99Jgo2Xkvb0s7OakH5AIp0dQ
BG+G+FDBvcUol8713U+5MdoJ2BIKQDxNsE5VNfdUkprmydvi6G9qQZxzhZxgU/Ft
mWp5D0eQnl2SQXZoSNkiALPC0coC3y4hQ9/XXmegDVjjazc8HjyvWbJmBVy01OTw
L31og1QXoCG6AgwUfPSVJfJuyqHOx8V+DRQo/yxU0WJ+y/0QxehGgDzOpa9VzofC
wYF8ZhI5jISerr8m/xEIoP85qFZF9xy5KAxomgCNakbsxbLAvFqwlKpW7MKY2gLa
O/Qh+ai3gO4aTS2foIAkTYrXzcU7ePXDe99cb5Tocq8NXaAzXKHlQ+O9PosObx+c
qs4lb7I5a69K7lqP1SlTgjCTORgdpVNKFWcWFC1bMy4duS8uzy0LOXNHK/mVFJ1k
B6m9UAYDQeNG+/gfcVAjeBgI1piS3KRnL5OPoF1CGJufyUPh7AssSfrbTkpKYh8D
2HrHGZ+Efcip427h0PPaq0wihjcMya1H7f4HVf4Hr6LiASFXJDsre0ijkcwGU8tp
jQ+Wi4iCCzDH1Z1/BNlz3FEQvmnzk+EwwSl2iz6ffytPHd6O7cStYX8/Jufg/aLh
DZqmCd+Bf4yyNHtJ510S6Pm9J0kxzyjQHD8nbmoyTD0zEcnYHWGpQbXDyDIBO3Jp
QaslXzpMS1lxxrGROG2uy9cVcIkZmj4IEa8d3V1VwIY0e/d1sjnaM2e4WYQobMmu
BaR1pAepbRJbujw9MDLO2OJuDM/9Xgz6S+C6iun0KD1EkMF3nQ9g+xsFLkShBPAb
SsUj4cQM6hI+1J1+Z0M7MwmgkMiv8obRu92J3HN+v+JD05gw4fhm2N5/CobrPf4e
IoUEB957aIPsGxinimBq6eBfQtz0NwoT2aTCxw1T0+y53kRJUptajbQmA4+msfTF
0DPtUbSovESF/BgdKcnsSOpFCKpip9WJ4lgvS5jCq1NXKFx8N30Jdf5ViwuEdqeY
XaP1l3RXPocbcfPXxaom+dczH4g5h8mHLO2z4tFyC2f3n0LSWzsOUJXahOQ9/Ifs
lL0JJWGDk620r0qEFEmTCmPxO7k56boN/dS2G2eFrippirdFF2fJ7wc4sSB4Ansd
j9rk9Fh1lz1j3FbetENlO6wgCZfLLpRYZnYbPf/Hjg8V7g70FzvGOddeP4/rMDkG
hfjoE7/U1h+gPEUR26ZPYn/SPVtbKFn7/oiVzs65tGGhXD3f/KebSlaf/mkQrxlA
3EIVf1hAHQm0allaI0BOnU51QCG4pr2aev/3dr3r4wMCr7rINs8VJOneRDg0iJcA
5BDr/dcb/ukoCYVpap+t15ef36eQNll14HY40rKr3da9nMI0luzlZEmCmuadwAfR
7UW79sMgNy8au7fR5yRYoXCSdvz9ryirXl01K/4SA/ku+o6KaXoMbFDOF8rwy9ns
z7bX5Qb2DprXYaFnOXzpz2RRblNd/c6A2L8FwwmLeWzoHM0EvCFmGu/+eWGTZ5+n
LolE1fc0BAn4xLWGVEC1xaIhvfYAbJbxLdCxPsjtJNHV62vYgbGTJbTEmveL5zU5
JxQS5lKjVAiq0lxiLMf0qAPYk/1QXeQgryoOJ5gAF2d1UKBhNzwP74x90ptBOnqI
0xoQAOcmfHj/km/hxO6uLrYU8A/nYXfzW137+iBPAA9Y/nJny+V5yoECZGxENs4T
bsgXWMfmJ9PtNkfSUog2Bw==
