U2FsdGVkX1/Dbq1Cbc1kNhH6nyiekf8Omy9bj5MJNz9LTN3+xfKFd5+fzhvtAW23
4K1pfMaJZUn4WvoG12lpLyPR617U67a++u+2EaJJlOtPX3tY6cZ7Crg1BAPmKZeV
hwafpQ5WdZndniI22LYJUHhvvgGsFnGfodXoY1uljBxZc9FGt0shGP/mOOIuTcKW
iVtxhTonmrZYCNfvzO1Cu658g/GI2uObAM6dnY3gLRJld89wMinwe63X0usKgUSW
oI7bgcxBMN48RPA36CS5zDCduDsM5vignfgu0+VPuHoZbPhwptwQ05s5QIPAeTb9
+ve7t4hD57oHtHtg0Ng64i1yY8wdGN3tzFYQnwxYSXUes0EU7q7QCKOLNHB4iOOD
4NzJDNZEQXga2zNR9Kvhey6H0l0jNcNNeJCbIFZlegFfGdnQMXbX6wUV6NzuMmx9
AJENz5Pz5PgidwUSQdLrJjGTKkCWOI9cPdsbR5zaECxI9RxXJTccsujv2LHEBYMr
DTBIvUwZ682ULU204qoxfbH41K1+RBJp6/qTIcM5Dy6XSk5Coif0h7nQH6Y87cUp
3eck2DMYghlm1ww1nqhYX+sWBsVtQOsS+lqS/PuEDizpUV+qoXos+K4ZqNtrnCEt
leLY/RTu4DgO47J1oZQAIVbBXGoYqzKGgn3FRkTB2gFubcUcHkDPYe0tDGhChM6l
saJifJEGVhW7FIg8/ksI8xXhny8DPCqVQrn7v/VOLeoKEfp8Meku54MHzELHQAcf
7AJIfaaKqNVUiQvK43IjhzaschahO4teDJo3t8CF6SUMtel0SHGZCGNxhstFcaSi
RT5rBo4NoVr/Xjo+PTW9uzM6edU96Xkj7UNlHlodMLLmsR0GPld5ruC7J1g72tXz
5sQcllXlK7eomkt6S46kzsrkeNPFLf1T/FY3mHs84E7tyyJp9NIOs+Vq0g+92Uay
Hd2AzCplp7qRbtsaRa/mxYjIohtG74zPP5uqjAl7GQTym7YX34+8Gc/WJgntXMjX
cxJbPGiY4HQjn1+jn4f51dPmjzG6V8yWvx1NSv5FFFl9sHX3GGURiiYcyPvVahPX
i3oy3gvUX+1L8amxlWIogrKUIGM+JS959IJb81g7nSjhWNrL1AUXggHMdAwUjC44
/5ZTP0Zvo+EzuzRs23kGL9X82xiFw3g/bgROLBIWEBg+wjd2fXVh9UEjJ/wvuMrK
vf/YXfvR8b6/aIEtax4ElTi1zlKMAlbWtOGoppjEZ/Xy1N0TFernsAGiwYFZ+JZy
XDVdsv96AIG/kzDJrHxsRHZJB4CU9zNCxos4kGWQynm/qms8bjM2PIyK3bhbdhd2
/3ChM5PfYgP/spvJvRsmnhuwQABmlXHIBpCMFMG4+4EUysctmv7KDniqNXZXoD4o
chP4u0HFugJKhFtsUZXuD16uTKxl7JAVzNvbqz8+1BTr4z2lS/WsQeYx6elXV8LY
XrIs60xq6JX3VV0mM814E2+mNkKRG4zQ9YD9IYccIggybEcV6pL9wOABqAd0CyGi
W5UFOnww8wqphx8TzoNWg7sJXNVglSF6+Un/j17fsmYtKfmx6a92OnnL6tLgAvvb
HurVQ5Zr2VW6Ap8xO6rOVhgoJ5e5Ga9A6QjqWX7tppBfheSP6MUtUsZZa5n2s3dv
AwJ1r9ohazQq9o+3DzNvrRcsk4ftKi3zY/KSewZZyyJlQ38XeQJ266BE7r/kfOnL
aU3i5j5++nBh89Py6Wvb1IuxyehJmEAE72qcJSkk3w0cV/ID7MLPyMo4Wdb2WE0O
aQFYWosU7ur6+FZ2QEzALClhPvirsB+cGg+lU4pV04jTOhWV1OXQZm7uIWokAxm3
IHci0UWX4J+uWyLKoViQtid1vqZERPLNab3DIM0xr4+/VDBUmK3AwQZQpRgIAxXb
mhEiu1jffhx4ElqSHh/aOZekzt/XCG5n5d+Y71jDG3jEvqKpQjLKW8X5RS9SE0uw
oexvqoK2o6/RRo12BIdcUw1q5fw0CvqF0fzgzLu6ANX0MDZQV+nvnnCwvy3vq0RN
rLGjZcfeawPnR0NScM5PSMYv1UO87A/GxVKqPOse8h5GH5krvKdloehgyopBFOVl
mScd8Cbz8GOXBxqV3bcAaP+NgXyKgcTw9x4B7cOnbVITQ2yhjOZd2W05nPV0GRAj
clxM0RDHIlAWIEo/QEWCEOHvmBbPbANsHc7xgRXQR4EN/5misHC+syCn8t2o5S1A
KkrvnJQjHl/6Rn+uDyjTb/FTTuVANOtXdoWMfNL77B+mifpvmoIdPdeSt6RdC7B4
Lurm4jpZ8s5PAuXvIDgwo6PR+H18D3kn0XrZ82U66bCV7Gbgb/GCaHsgCq/e8FiJ
Ii7UlcZSb8TQcphTvPm9oTukRZyJUW6Jw/Ck/vCfPYQYqwA+NyHr4jsahJpPm61O
mqfLXfvLQwe5CtwqvKTh58MEm73aHtfVyniRx308enLVKgSxtk19qViyUHUDNfGv
rU5cpE4bsBNTMNSpDH3016BhDrfZhuTj20K0wrbbfigUC0N/qnSOkpJxHSvNd7hL
zLSw60soWEX7O3ycBcB0ut11L0TKGGS3jZ3VZg8rnc/+r6+jAUuE4MSOfQHkIu7/
Va/t8eyhsI7V00ze6eW28a9fq6IOJuWUyFU33w10KLjVd3FygszzGfjOmE50v8yB
7U3c/ukWIZLbWSLCxCgJuVvIaTswMpRyARcRYCHsCgOLwQFfjVileXHzU1miN/A6
MZoBSEZ4yqtJ5tsBZNs+yoWl74k4VMmR4CL+9DmwJ1bhpK3Ohtb8fR2Of0AEoUu5
2cnVLEQPEnYSKVnCrwOc2+89wpGXMfTOMXUolrOhEFkjcz+ndoAzAWyrynlnoglZ
4SaGjDbL3FxievkmFv93SFDGDlSSc8aVixUuwZuNdSLWWqZhJrfpO1mACg4kJ6SR
V+VxzRJwjJ53Cju5phF14oTJdh+dP8UhpKgDg/fyo+EadRAjB4QG70XR1EhDbdEq
Sn1f+sh54Cv+8PXCSPqsZgpB2ane3l90YXyLSzC6WCTB9R+iPM5eBCJ6QjMYxW6z
KXrCckwb8MRHYblpgN3YrnrCjjJXrPGT3YbSJ/aIhEAa1PjhTwi01onPGW587VzQ
diNIpm7Ap9fdOfIZadVo9RKytDJcv5HevwLE57QsxTsmgC/Qk+wSjYfT/XTcW8tt
Y4YrsiItkqX46VsTWEERT2UnLP4qCAIpkDsxl51rqlPRk/qcAW66kRXcKB/tQ73T
ckNUYl9FY3nIYsvfBXwSdQ3afLk/A5CMIJll7+H9GfHfG2tTGLSlNYXoV5X+ziqX
pECthy7o7QMBdCS9DOTkI2hLQxB2LzhJatIV/EvO7aWZ1lnrjjCPoZXPiZ97zhWh
UpUQ/rqTjYTt+lASBiefO9XSjLohqua1N+IaBcMCAdqfpQxoAw1Nr6Xv7Hdf1dv8
KYRB2F1RNmj1G1ebU+0WJHSsOplv4YsdmKDreXVAbadldeK4uBqqWWrg44Il7SqR
o6us/lvCrk2kCGHuTlmhhXbOLF+Rv9TXCLHSQyApOF6W1vdvwMICk4QnxdycIv6V
5XD7fs1DEuhyRzxlwrkgwe7FjZTvkfu4t0vsTgF44vrOTiQk8P/qG32V1AkJSHYU
5L5on9nvytHMMhMELeUKPfyKhc+idqTU4edwjpBX/Cpig5M9uwDtcRxqkHb5HYI9
MYP2zUOiDzgIK0cbOwNfnx/FhmGurmSITt7UTKWlQu8Xe+THQSu1pc3rFMTHJneH
2qcX6slHCA3toBpK0b+/VPrL3vBf6TT6/EWpaA2RUJNfMBiaHkG37SqenWZ5Z0wy
c+1LVUpkuJc/+hT1dYdgxAb2SXT70p9CAkOgXBV02wY/+yqwc1p3YlrIXlsSto96
hhUJEDNMaHM6Xd6Ssdzu9rn6+KvCJQYHyRKIuCyb8M+DRjfd+wa/J6Tug1osxOve
Vzj88ZEcNSISa0VQiij4DwRJraRsCOJZ/9ddQMSTCplWtaerqP1Nf1cZcVhnVnon
HIqWM9M7ilIfYLrzWf9qgCuGV31i4w/rIVSibpkYDAzqoPKhFHSn+y9RzY91haAf
VSB3wlTdOMfzyuefqylfmr9P73B19wkMqj11/W5XF962/C4NQ3gDCSPPJB02Q6Tt
51obD9njogWJkyH1W93z1GX5xTT5YjDmuKxR+U01dn722sv4sCAB76HcY6ziaAao
2QV3JFWbS0aLyDqe5Yula3R5hMEaCAAenTz48sdUwmsk04ww1Uin6UMD4GPns4FE
KKieDjfaBVKc0ha/jMGgCMW/28Vx2XoknlcMWfQZTY9ZVSEI47js8VsOEDpDFZ7G
VuH2I2HhwT4LdRi+SuR4m+IhbaTEF/gCgY+UPq1edpscuIy4WacrGTH7H1t3/UOb
Y/igTZHCpmDaAk0QZHPVEesEG9l1HNzBYgvfCpGPECEbqyhYTyySYQykqPjkwK5X
oQxk3sNfjUW/ux28Se6nrLX6dLfN50radIPkvA7Q6E+kX09bUM4PKUMh2fAxA5K1
JQ99JZxhH785j0XxkJm1pF3ZXr72Qw/lZXX1YSerP0jp1JPOE1jLyzdvuUIQWzTJ
SuRONB5Y4Ab+/3TCXU2ftY6OLY7CqaPlf9i3Fj8qTZUKmPfn1VaAxNiozTL5kdj5
jVnPiHRtRF45WCLLpPXcoHtKU+cwjYJ+wFlfegvgYwtRNKfY4iRXj9CLDlr6Qz3h
X76dEX3j0HLccVD+jEv9yNIYPhNIdYV15QpmgcVZlIsQOQTF3Q6zhX+XICzC1qtX
CWM7knm6Yh5MOVR2nqQwYvI0gpxjtRj2uVikhGc79Ly4QfqYBJMuol7Iv85sIj6z
0qZsKvxmJ5ykqggzHohmwHDEbyX/Yt+9kleSk4BXdUoK0s3iP+UTBkqFniyOEZHd
YCOrYGIzURf/tkeNKE7jxexu1NiBfij7PvGyzrvLdWEQEGjS1XuL8TaNeo+gcnZB
Sbx/3oNRylCj5qoYmCWuQP3sOM9le8ImwyHxHBUhxJ4=
