U2FsdGVkX1/cwxT205DcnpZ6ynzHLbJdjTkEhj1NwsfasTLBZCkY62YwEnuVwlLv
kXc8N8DANwju3+Zh86bG78xZD6akrFqnSyYjZ+b46ruWrGlvhX5/N6Gqx89GCoOa
cfd13xwLTwRLJTGEF0MicvED8T5Yuwv1P8CtI5vEi5W00JtNsKOtJcUlcbQ9oPCT
wR2dhzjheLRLNFivHdwz8GrMcbo70iBDdVq6mLd0R+Ek0Zp66UAl3JxX+TWaE7OX
OMcsI7W2ScBRyNWFMeDwQPMJBoXYiuGYYUSXJLptskHGFmOv17OsHh4GiKpY0YPp
pud3UrILYfQ8h8cDYReurrBPqverBzeS7j06kRCawXgRC5nZBo11EeeaUjwqxFDC
y0zIH3pstTb0jSofZnAblK12LAJdvClbdZ2qoyYHCtKKJ8c0L8MSYSJ9a/X/LvDz
wvUOIz/0q/XvnBDVmABKvw0dVczJjX/1BKcSpAZg2G5C1EkSleV3LB4mUNcTFmmP
ZOfIigO/EmQ+cI1C34k5roq0YL8oR1uBRSDUhglfLyEu75LoFaCyJgYdpGR1CYti
Lq7sAi8GYne9m1u7ci/F8Qu71FIg8q9t/QMVFiz8DWiqXyAoDf+VD6U+Dbzf5NqY
gaKY+6Io9cTF0LZ0f8U2X1sRMDDc/PObHKdtF1FtxDw7i32JjycOwT64LNxm18+E
4a/klk96/zIgv15uX1DtxxK22H7A16/sKRQpFwHSAGoGKowrrUUWTzmCC40XAeJ+
YaB+rqI/O8DRa0DjUNH0QyQIIfUDns2utYH0T6GTjTfJFIkJ4yhl8yZaIlHkzCun
7v73rjibI+mMrZZLTL6U2GlFgp7BvnqusiMqH6qyUFiF/iEmbZBS5oT51EPghQKo
YghACQxuoTZ5QpXYkUPSbbns/UbHWC7yD+MlrJxiLqq3UWc91H8bTJHBfg5IVHsp
Y+M5lBn8fAaRNwo54XkIND5Heb+jboCSWc6ew4Zdf/1BI1yeLb4+XrVpGRGddEii
AjAyRG6yDyyLd6ODXv+YwfBQAvuaRosxBPUslnJiDvRi8Vun3Q0734OPurXRlXXt
t3WHINshbP/HlZfZ4UGOpe47KjvDY8UogAl86tQVnWxAIinxZ8D6En3DqxrDt2pg
ZEBeL8gNCCXDqn4s4VapYh8Ibkz3pmauECqsBGf+S5yGqmFgnF0I0bmDmDcRv866
qkJJ4qgpFTUyRx07UlcRJzHIvFzrFY9IFMwEU/oG9p/zuXV4rAZjZ69aBiSe/fBZ
62w1sdCMTKoim1eJzIuSKHN5ifduzZiRRjOGmz0bcscaR88Rh5j6A5tpmyH0jzmN
2WIAH6PaIamZamMAPPoDa37KdZy3/dvU+g0aOJyfITP9FQKxIGqJhHzzN0msFKd1
uPEpFfReqaCohVyL7ERqYIApR9dxQTgb8wpmkmdluw2jZz79C0sEZCVFOw4XqRIg
QXkud+QwkXgzhQy3DDyFcBomKLJMfvq11BFi3s2YWeohTnnQTCvFHlQDfISPBVGG
oFCQIEC6013CemwUjF0re97sOc5RdOfzz+rHS3oi64WM3ElIj7eK/ThDBHeOeA5V
hxuogG+QlPO0vqfNbFWTBhDi32/WSsFNa+Fkefh33C3xIvmkB87LyKoionBU33tI
gr4M/nTIiQmLARIFoDhuvKtyvNF3jteC37cHPh1sYUTyJX1vC7Ic1JLSMVYURsTG
HgzVFB0iGbXqRnqyxY+PoBJWvkjwZHI8RFtuf0myPovPYq10JOJteQqa84MNcAWA
nMFqt9A0oDUj0ATKQIYy85AwUDZan+O/r80QPdX6FcDCdePR+Wvo83kYG9xRbvGu
2qQ3EM+9YvDLVXq1FxeUMk5s+4qVc2nMtIkW6pv754t0F4fUT1yyunsHENdtNFyv
O4JgLSBPfnAA6ccLs51BIR0qbX3FELgFOvexyTX4cxNjDH/eTwzJyS8Ph0nq4KuK
ybLZVPOmOaK5vM1/1+ERK7c+Kq+0tMVKP7Jr3Zjs5r386zP/Wvdx2Y0hMpfJ9UWf
hxW6KRntlBL093MC5zjpcpAfPMDdMS9DKz7los/15M5yCsqTFuPCoBDq1e/oEneC
rpoCdIA1Tojvnmk+sBqgcRp49fOTMiT4wIxJiIKT1/7k9jD3cA6qsbIBpeR9nDPB
2DOhE1LoC/pl/4oyWmim9cD5T0wzo3Z3Dt8CFZlpUBgUZO4fb5DedHPEAqBHPN4b
vAzY8vFVhAcWLWm7hqq6f3tfewM2I9WJEa3Zatxg207Oe4fSub8Me+ULt3pNW7dZ
f8Uv8ZW6hAl61UrKYSaR1sXb1Z3d6Pu8zcaCml+GXCJG2vfwFr3DEh166mpVBLff
f/ZtD9CYLU9gj1pUqF6crNTnZpJQwgwbVosS/1zxXfpT1pTwj7yRxnjbFq9njUXS
GbVnL1DOTqSESAIjBQlok8MEscfNQq0pjdruA4OLZlSPdfOm3ETsKwQk/Xsqa8QJ
oKSq0/+aZq6tldkWinW0yleyer/d/lqfEs8SacbGtmzptmBfDxpP9Zg9DdbAs/1Q
5uHWUAicrF5Ax6yCsK1LBai/SBBwmhZh7bkUUQQDdLfa8d7RHRfaBt0/XxqZXsts
MMrj4luopopMbzgHobGBVk46fumQ/pAg4D8RnQDZqwexQMXqmagHzCtjIFMXrxQW
PyDqBEUzizHV3csFG5C8W/Zu6jcccCh1gH5aZ/06/oQ/UFLBsl7j/rhlOYK1ayAL
c+dJLsg48vB7EwTHL6h2wtfblZea13gqFL7aDSzi+FZ3ylG8DOZ3wJsJMsLBclHl
iBaTBcg8eajqKV0HKD1i2PjfLn70fMo9NJisfTBdieyahTS0d93ea45839AhUsrv
ghllAlhSyEOK1cPZ6jnlpJdFpnPWLs5pfJ5sWCz0rXwSTYf+zih5CuJnfX8IuROR
DfIScIMonyhYpi5IhoGb7Q/LEulnCP18m9r5suornUBbxw1RufxBwUXCH/55UsVl
oKmCtxUgBU71UWwmjTuBzqC/yzOLxIo7ceWZGg1U1A2o10C0iZdpQ/3kgXl6tWdL
YPe/Mnum/Hc6wH+yc9AJyzRpgwDOYWmtdlinQste+7oBQcflMYX+RWwv537I2qfa
keESY3n9xk58/sjZnQKVzSuv0M5x7w82HKhgJ/3QGT44qhfx7YwvVgAGXja+zpxj
YW9EF5cdVSInEPzh3zel9n3IJ37FBRSKC4iEUAsW5l/DkCbrsj4StHttNxO3Cuth
f5Hp07sic46G6zSsmBndDAWm8j0NW8jQb7mXZTpPaQPueLnBb8ECDuqUpmX7sUBR
tTa0UxYeLq2HW8vd6kv6EEGouQLoeBmR2UMQrPn5kpX1aAJHWawro163DdCRlS7m
uPfI79/rkrpYVgB4MkifhAeXhLkEXGnqxdj436cq8RhyfH0uvbgCr7FTZ4MXURhg
KdeDXKBqDu1rJ8oB4GS+NDm30vrvYwEet98xKpZMFQ7uDz4a0xx73CckoPHY/ezE
t8SOMCWskBphURyNK/oFkklB4ETEogxgyYvIf6DlGocM3ZHrl783QLBP2e/zQPRF
ZIXJIhf1+U4GIFfA/+ad20Jhz25xM+u0rYoc3TFuYI6YRjtx+OBuCqjgWZ0J+p7/
sQqX4BJ+1h2OSvZkoEHGePfW92PtwEuTc7ZGL5N1dkdrB61Ci3F/ntdCJ8a04kZm
GOD7f/vCQk2lt7a/Mvd5ANGnIaYgp3VjVR6hl1yu2MnInfFEdRX18gAZAnW4+Mm+
FnwUW7bGqODj2735kP9OmnaigADhlTxEzAnvI5hM7kZR1NsrI54FQMqKv+31Cc32
amzVekFyzXtYDwzZFXByLTv7RvPG00ZwlI1y0KEosEONMnwCqSiu/GvuHhtcuuM0
oZAH/HFCxYbJqmckPVF91eIhb97tx7BdE/AWNHZEOsoVjBrrQ3FC1nNIElUhTkHk
9D+dlPXlYzzwEUrYYLJ7K9q4TCK3xa8Y1PYvYP9ZB21mFo5mXUXog6r7KFNU1xt6
I/w3VKp5xLrITSmf5WSMbsetnGizTw29kSFGIaU6O0wrtYZmQB1dEGpm7rYA5xVq
QwleIcVYseSrZwCNp9SONwyzN/1NbZjSjYqJ5UtqGQV3yqwIB4CEsRa5tzF4ERtt
V158SF71/PFXx3tmexlXUYKzqiZsqZbQ4kTrQEcZf41Mxq5w28YKSHCiFHIfkDAv
3Gfq7mkIDquwqE818CPF/AqFGW/c6ktKGxYSRqwVTaxQBDxiHvRXXxW20/hSIyr6
Xt5DiCkOKRKKuZN/Yd7rGLzt4whWr1ru1sbMh+GVadUhzoF9vfuwRw8KHFEC+nVr
Y5saLTJX1jxXB5npJfW9iPPy8PlQpjmz65FitCVdMIhRu1UTuLggHzsC2IeIZ32f
iZ1AzDtIj+C2c3/qbZc1s3Th0s5qLTnExrrM8zfUcxpcfDLCMXj7WlES/JssdXxU
pgZjLI1o+qysFCrV5XciWUtuKzLu4Bt+kzK3q6m9UrdkP+TeM1Z2J6eifhTKKDm0
jaXzl9XO9hFN9T/0S2dOTUQWfaoOVCubclp4nd19Nsug7ZsjkMDorHGtTaPNR3vg
1FaKXHURQ5CYqOkt5MHKQ6o8v0yUf1a0QoEx6Si5qP4hhHjMlNHGlRM02RsBvn/H
YCWME9MYGHwPwAjEkVQ9prHOY8ryCRVDrQ1WGoDIyAMBFzqa3KpwPBC/2xDlR/Jd
jKd5wWk1D/z9htmfuMxzUr6Oz8nkI3EuPTrVCZq+OYlyeeTGMvgxhhtZJkTQrER5
WJuhjEEaIrTngNCIAdWOch2hNnJ/b7J2fpOU67zqhf5z8/pcPlrUFBUioE84CZEk
aNPSsdAXJTWO/fwxUskDblggAJs2YWbQx+3sKSfR46kZGp5dGoz0PxIMMm++uLSK
gqZlYSHDarD9VCsH9t07+1gVm9xWPecHpBNoLHdUgkYjcHHq6Vst3zeHcIcejaGW
PB5NUCA8YioHLjGgADuaKJb6jtid+lIe4qoZ4P0eCA8af5Dhzu5C1LmujZLQwEZd
DAAKMjZbLqpPYgY1zYOmJEFK1bVsxcreDYW8yUVWSkakxxc9FKJRHyYTA2N+WRuC
ibCmVZNP2BzJIDZf725spaGkPzZHteMQJ8Oey1XAN86QksmBNqBKUa7xDY/lc6mt
j35U1w0j4lpeYfR62a3F6hLquS5FxIO7xJcwqYApq5HTH9lE3a1PgDNtr6mqzCRF
FkxDWRrCIj4sHN/MJCLElUssywedUXTzzjez4xjJIs+PsMpTi/i013DOYDra7Cei
s3RHnkJWe1grGJ+VtZ3FzsBMvlCZoBcpLixTlU8sf9pg68gcEmMiJbsd4D1ut5Hk
Nx0M3vZj+hzmlvnYAbWqVJIRB1GfQgIiVFwfx+E/OpVFs0c8GOULJxTmaYO2prvh
2nZDbL7NQfThas/t85ENXfksMPynR7w5s/2mIGhesTZQzj94VT7JegWzETCKMTYl
klecFL185nI1Z8DVnorqsZlrYk3ciOWxp6ne0Hz28ouNN8cIbwq5aqTNT+osCzxY
07pSCxshDEChv8vx+F7dH1JJqWPqiU5mHDQaadGAFKdVMibSpx9Ts70B2g3PbswW
Lok7spyxlhv9+QHAiXyRgW5VqhryXAytTbyutiSobEa1sNNxGjxGreej9VMKOwO4
aOeIVRzNQjnRvKOAVQNNEJoWCWMh4Ht1CMjWKF+fy0u95DwmSsrqZpg2s/wheoqV
OTm5/GW63LHtw7WzfOcroDEFrguDzhz5lQlXwOiHsVN3uTKvUq7NHcvf330fUFXt
lCEo5ky3mNj8AuPpBmDbDmH9VKHRKig8ifyce7M+AmMhXWVFZFC0K73qarFR1MXz
raD0AR0y+XSgq84Spip0Jotpc23JVs/qJqSILJwcsWyR935sgvzbAxAjK+mldU+Y
SlI2HqqeUSXKv22592KTioCIsMy5IKtP/XPRxgqhZkpjuDXV6hQqtx4HTyg9v7AU
k/+JyFFu2V1plk0TuZ3pHpI3/zh1s7pRB+yArDYFGKEegTNjDv3shUjT2iIuWluD
2bwIBPCKaoYEnqOjCjPWjvEaM7R/TFbyfHnAmoIgUauiHUFRayFlLJFHDVStLOzL
H0H5vMM6jD5NuvZP2OYFkSpXhM64astjM8hXDedgE+9EijJxGB/0LpVtUAo/Gxzo
idl0KQUvBubaf80jRO+/IMDSXZ1G3Kmzi5i41KXviCibNEWBCITObbInJ8ku/tLo
mr4Q66Uica5tHTK5Lr97Zh9NOp9wrwvYxs+fHsLJQoJre+UDBDZ1BxIqLcf4LTY6
aPicAWbHXAZJp+j1lVGI00WWcUYHzC/53KACjM/1Qutgjx7MrL+qDf3iUgMmIRH1
2BHpTQFqqXrL8AMx35R3UThH2aBJ3pCVCJDU+bXLz3aXCR7tn8jXDlNFMFTDv/TD
eCt9A+mcgIj99Z1JQJBF5ywK+iVCgbY+q719IZ6VciOFoSGIonbu9DGH+tTIQbX2
fyaT6s2LxE5A8u/5omR5n4xNsEw6+7IU7U7TOvrKcYGUszfUCCz2JiPm34CpHxjj
SQIt2a/LGCzfYgBrCUIEN4ZBkJaCuxLIwW5JNvvDE49WJ2dns/lAQ9bMxTTDYSMM
jcQ/GTOZtOuTg6LCHPLml6Wnx3/T6KYY9hmIkSrP8aCfbHORiPqbKUg5L26nlVip
CW36RCWCa5hkBXoNDhEFQZRIeYSAuETBf2KYHExxzT6im8GVnHeXxW0McVgfUiIS
Sius9YqJ3rrBqR/HBmtZJtF77hlhdk6SNVip6oPGpezOR1VI+UWrIpkOwCI5JanG
XM4ClEhIUWOBhQURavOmtk0NyschTIki3w0s2FjQGd0r//feq7GDtBa6DWDYGuFn
8rxfrBmwMa44UGqD9BJA6TkPyFnbah9XMrloN1rcD8PeFVOttxKRQj5G9NU6Jzl5
bfXqdi7cO2CrYVmg9aIWvRnrHgUOzz+mpsSE1FHwkYnUKNnxwKhoyCl1r21hZM3f
/LHLm4CSX81SAP18ozy0BqQ25luzWe8aosxPPwoGCarGGP28XSAOP3v5GbTuTZjn
v5QfkjmWl+ww8D5d/gYzBFaCV5pG+2RTZZNG7Yyf0L1s54ikEVjNsD3XSCShxc58
isAiGwr5GEJ2koRZNzB+5HCQsP0vwXDh0ie8FmeFuChS8CARvbcQaHaF+Dl+3mDK
iDTzOwZ13A1OQeCgd+4eDJSdw2DxiGfjlw2pWoLxsNGtGaSlXbZvw+SL7/ua4B0k
enT9HZ6U0hDOpKeUoXuAGi8e+/V8iKxPgDj31BfXjsIsWOkUZHhUhAZrV0cGOxPv
yclP7Jf5BMe7NzJkgf6GlAwqJC/Oorfxnz9jverJW3ksYKeDiO4GV9SX/4f5D7MG
i9slsp6ue5Re96eXsiakZFpwSF4L+egtEKA9FvJ5ZJKNKSIzne5eSIZm8pjd11Li
Bg4unRvjyRFjl6YY3o3CQ/Kmuqewjyh0XNZgM3dvh5+eGGP/dEwiupk+O+opnH6i
1U5rBH+jl4mvBsQ+qOjeX85TmwKe7MW6hk0R755i8qet6Wgf49KZhg16emw2NhGo
uRm8Up8aZ0RRiVoyervnuUkM/Yrt8GFGZqZCnO4ISQR1pMGRwyXIcWqErQjd2Ba4
aiG5G9njLfJlb2/emCcZ0yT4csD0n9+X8bQhzAtWb9Bk4EJ6JQkW7VnYB4Vq2c+F
FycIUq+5CFZrAOtHw/bpMSB0unLLxh0IlpLr24dn7KbxdAuro3hCou7lvkKpi03y
MnPK8XiWQ0CAGjBN4N/Nc5Kk+xSJqayKQnJk4XdgsEpL7l34miU/TwsFbhDMFjK9
RKUTPPt0hvI/NXkM91mlvM9YRAm6W/aQSs6vBEO3O2Occa6eEA4t+6Wsvt+TKQ9c
AuMx0DGx2HKtXVmTFEQRs0IYioX7hrcZLa9tEglEZwDtFyhmRHwqxS3S4Gwq8ZDx
p78+Jh7pQA8nVJ+0eC85h5M/hyFFfeoFHSy8kvbUwITj/w8pGLW2emGmbCFcWkVX
6rDAgBnRn8OljLROWOkhUOA3kwHJDjUw+HZFgDiEcpfiJ5oFeYW9e7Cb0cjOk0Uq
L4S5uTLCtNypkAYcsAYQzbsjJTdEnFraM9BuIce5NijdI/AoEPeNWm4Fh4qVIf8/
AtsEmvVbdSxopZydah/3lo0tGwIjsddtkco2XW6ARPC1WxTuaJnVPGYjmZkmUER7
R1yV6z/rpCF16WNONqJ/GU4a3wHT+bzyPzEXfIXmTRnxqpJPJGlkXNVR2UOhZWez
42hW5vSRFkVVIPME1C2M8zP2bwetmBvrbzVQJs7QbAULNsMnf9JpgaASFK+oGW6e
EjibTGfeZJiZb7CQyUUHdDtl1tX5DpDRiZWcrjMhFLyVzgT98tFz7fhhRypRewDV
5r241qPp70zVHv3F9PRjfp58CubSAVVZjpwXEkANWGPekInB1mqQLeDn8GP7HbYb
YkD+5+ZYIaRE/DoA/Zy/aULDy1XatCL9iQriUaIM2cmViVzGHKbzJ2HID6U1goZZ
z1hgQZBCnlc8NxcqYep3xDJnovo93c4LF/P2bVJiIYwIaQYvBxC7Ky439qFtuAdM
DifBB76HNM1XcPfXDlN2cUhI6bh8rcaF+Bq77JK1xSyyFSMzYoeyF7s8c00UTRFJ
xOfvQIQ1Z5WjNpcfU1CeBpybxWh5sNxsxdTu7CPSlM2y29a7Gfv2hHXhCWykulnZ
eRZTWUk5ykH8xSKVWVPBWC6/oRrvodydmVc96zkpMtfBatOPDiGQiAPCN84iXb4Y
pNtjFhrH35mL5PpeVYCEYVDLsIeOVF+PcVe9f4dUG/vlIWCz8Ighmu/JlcMb0dLW
o14+P4Da84I+9GtQqD2TnfB9vV8wnEvaWtGNAhQhaW2tMVS3JyA01dr1ns/cBQf2
Sz7Ervmg6sK2bo8iq/410PDbaytV31Fq2ydWyo1Jflc2JRBMuRShRD+fK/Na0GPo
is+QwYjEDbSSbSLZlP4RnJchjJbWJarjwZ+kazXgQ6FQ2CE/gVDvUr0vnj4kpiRS
PpiqCDiEna0pRzLiGQ+nDeMGqVDYzm/nQZ2hcs6np57yBBKDzajbEiOtWSUQxnW/
rx4S1c+E0COWsiqW8fRP6jS3UQbXsN8nzzBuIKNtXBNEOZhHAaJ/2arejUxyrRNh
vxF7m9fvhV5WBIC486FoyYc74a22uCdn3qSD8BedkhKyDSD/hvYHYjyFRTjch6Ln
SqdGPRS/nGMcmGoNZddBKQ41OvjyEFuxVrx/O2LsBCFAzyZCx4vv3HAKCK6kC43L
13sHvnFoY9rMoUzzw65RHqizf3mT7K1Y7YOVR6yXsX6M+7csZ5coDHgoDfHB8ezo
EbU4DFJUeNE2o7sq65GHLipjSi/tm2XJwQRYVwWF83cmCKGzFpO3hCh54jJOC933
RmM5NJhNndYCebRYZe4ew7dktUDmukQY2UPymBm8G3CFHc+qsIfRhl+cfC+I7k6F
jZojIqVm3i6n47viPlOu3Tnd6TUSh5unAwq10Rxh6gpsLw5mDpplw7Ws1AmgM1JV
LsLo48yBe75gy6Is8Q1gCoFp0e7TjFVP2qRkLIFcd87CPVXd1JxToZeJ1njc99pZ
uqymk/Sgj2/AnCxpb5WK1IlB9W+u8czkN+FVafjitED1CHIl06C477Dgjxc8uxzF
H9xzwwICO7YpP9Q+1PSAFLRZLAivfBhXWlbNd5QRxvB4RaGG4DdBupCQi59VL2a8
ok6G7fZ/JKZQACmTHuCltAqObZ6mm1zzO0az0tnJQeMgAfkTXBTdykBNlcPRBlHF
rBg5Gawf+Ax0ErKWNp2RwYmILqzaCSGDlM5YnwUOFXAPont1bs0DDPgUZikXpsnb
PFUh4vfnx0fXWh7qOLRHOvpzuFO3NozO9Ol5Hvr8PUbp3xo7W9B7Ks5/4YNvySqp
Lu1UFOHB3w57QAATKq8ohwnyKKRerbAldAIBU+P7jJnpwBQeUvuWi2S4+8F1J+yK
GH8G359geDDpGG0YO2s7sOLlf58EYKZQml9ZAJHH3CkxifiJ+vc9dswQ0CK0Tjwx
OeGhfAFeF7aNWB57v82DQbQdF5lHH3G5zhFsFWse1EAHD7LufrM7spvkQpsnj0vN
aFeNvKowhE4h3bvuxtqh52m+keurtyVDd8sCaBAjDurDgZw14ykEmr6+TY/nTeVQ
GCFptZCw0QlyJBjWvtI9E3BrUtyUDkqyhwqCh0IU76OJHsYLED1JljX25vDXBtRx
eN41sw7EYp+DxLgSkK7/+SJ0wxTcSklnAiGIX8Id2j/d4ykti20SPymj7FxknHzO
Cldh+gPNVwjLpJfi/dlYoSfRJCF4032Q0P/qWSWF1IDupeBSzCPofSzJrHCEE2Lq
wrXuHzWKQC1d0U2k0Dsf4KQCZS5Le7LD1E+xK0hntdPynXr/ZeEJaoE12aOqKGoU
u/umuc5weDMa+ViG+bJwWa/dnkVXEmGhSkCYGMEN2dd+ybGc0m3kX/xPseJZEUs5
e8NRNuuk3eu3Gy1eOr6egnvM05qv4VkhQzkSWE8KNaXpaAXNnivqXVUObStgbRCO
/aLWrXYGyyRY7j7knAlDEZlAqw61+6aJBJ4eOgacvsbVAjb1g9MAazmG50VJ8bY7
/4c8zB5WJuTwoD5Yu07pahVYlRsqQz4vi/kVXewt1PGofc8fU6KMUnjQIealX8jl
Okd2gsfKUUR1/817fYSUpxiTz/ypEvi4PPRiI4sC/+3jVrFCRiR6GlO5D3UTYJaD
5Wq1MjCq5R+NDcAtuJ806Xh3YcQA64F+l4FY2Mu8oU2X2066G9zfSrR3C3IHe+2E
cXXrbwfufYWqxY9SVGEJTjRwMfhSA22DIWSEFRQy/Q5QNKzSEMumh3Jrz5GrglKU
4ZFTqMQU7uLNs30K4Yj+MClBe0ARfOXpIOoy8HsCfGkT6COFchFDfdgS7Gqfqjqx
m1urChSdYPeXl0NVvt8ZBol9g55J5vZWiJl5jW/vUhDW4bxqg+tCo7H8uFz/A3Yb
L95Mj0RaTaDKSp9NYpp6cXAXfrOPAA3TNZRVvrrT64qsZf5winDuhIWxAfC1mDu8
x7br8U5CiBsvIXN5LXS6YxnTVAikOJ+PnzNfmKPLcsYwkre8bAsjyc7ZIqMJOHdo
71sYMlWYGZdRU6TUbtfb7POER/xu8C/ZNEKE+1pDNabeqdgiPKrbrmD1nWAFu6hM
aURrAZ69d29uGvlynIxEhegNAPdYfjlgqo07Wwp4ezWX2583/99E4rYW8k+4H7BI
rli1DGS1Uto2oMsSPrHNWLRGQ+XKwJc/6iJhF9va+3Xja+dH03tIR0l42e3dKbg/
hUUqezQX0rNfQoOZ0hZAz3UdLC+uo0fXnFrTKq1htZJJCrZA+3hxlxEUEqcDG5SQ
ADIiC2vU6wX6fKAW1Pui/s+P/dFXmXCl1OOaDPThoWlYfzAPTd7JX+BpqWH5IbYM
7jT9uTZzywjKJ8duOzz2A2elwDI5J7LUTIDVvp+AxCTTWFyRr6CdhfiLaFREequz
dAae9xDBQeOIDGRfaFLSVfr/v5/laj48ysGIgbckubjGeBNXCq7olVpbHLMkbnC0
lFpXrPDL3hRgJLBw/Enf1ylRLpvd8FNUpaGT08S15jdFDTCxWmcEUVKsYm5A2nd0
NPRLWfFkr/A4f58+6tN61SswxuG9VZQdIdg3G+P6sKj924vwA9PFixdAh+0TyM1q
VCkkN5idBhBae/2iSuUI4YhSjajvCat7GR+RUVT1PlsvKmfV2mkbMndgx3+XzbcW
klSklY/jdcPZumGVZggh3vbqCyI+G4JtvUbx2cyX3gWhlbwDSlW2ssZfKLaf1JB/
sH30r+RR44e4UBSDVts39OuHMaC/+pG5IdAz2pqYnLLI2ptAQF7A4wXBhO6GExPt
E8/b8A3LUZBG8r+OG5T8w4+OXWwF8w1z/ciRNX8HZCb6bfVQCx6BPuYYWTev2ZxR
cUNO80iBlTcCTvVbWdsFg2LuhalvDRchGcV+Jk46OgZYYwtYjNETVmWvTMxEoXTu
1EvGJ9Q4/Qz1yW3oWgqLdc9cF2gJrql99F2xsQCveN9vcsHi6KSPHk/pOEmUeIkU
Rr3etzBxBPHssnS99ro2afeR483JlkX7Ay1/P78peL1oak0zM5VG8RMFkLjqq0HJ
RnihM7GhUnoC0YKMUvOCcN2YRXkq7rIuu4GcXvfmcX4r125vM+k2JHazLPDE1OWo
DEn/R4DK/eN0ocYBFEu5Ti5ue/JB6AkxnHQiqDR74LIYjK4IV8V6TVsEm93rw22X
E70Uu+FgWCw//Cygqc/cPitkiORPxYQpI02h6NYPVkj/p0/I0urMzBfjxwcHpStu
a5SEwSqqcN1e4AH8Kbsu2y9WVmFint51WYnnDE9q6DgWuxSQrAifv593GthW37gW
NinnlMS7J9IeSBV5iDdKJWubFspzxvpcGANuHffUkv1G/JRX5XbxdjjpROfsRiDf
bAIeL9PPiqWX0x9LKDlVYSnd9ITtHjENE27Bb0gE2Wtd6AVDlAfyu3B8J8RITaPF
2hH8Fz8T19x5pZY6Xnt/X6s4Wlsva+bufCRdFmettAHSxZGOM9ykqkmKWFTGjmdG
IRCCBBFNTQ64tUdFAuwmj4dimRiJ8dZ7heliLODdsFbZiJ6KZsEsX1VLm26ixf//
v08AN8GcSIarqUsgTQeD0otqrYkoYn88LCj6tPj5gjNfydVXedXaz6+Rz2qRlSjV
qwXMDIQwaanJ9NJ2sKK8rVUJN+GrYiRE/Y/wkCun+AVxprX/s0lc4FIFI88Ic4GS
wd5wRgibqlSRZlfbX6e1F8y/z2qAhUJHMX/nqzwhNVf6dbBweWzrx/t/t5Qdl5jL
b1BWj4BEmQmPDCWj8jXyk3ICCp5L/fBX/0LqKl4G4P4brNLWWnLTE/I0Zmx39V/1
ixzS8XC7hM6N4r4uV6wJkpOajenZ89r2eb9ylxmCtfSPZHG/eP07zeMiY9/Xk6i0
v+rwwTljD9AKgS3Wmhd5xZrRrxvC20WezbnSQSwS+HCst3a+7WVrvHEPsaLSerqC
nJlULePISZ5akTxBayKKRb93le/8nxqjn493DZavovvKJEH2vZ60hJy4T/cHR0qF
IL8soPNj6qsSGg6iqH7l6lyaRkEfL2y9WRRNdNtZUMiB1hzLpZe9eF1A3ZpjDX+p
oBPfLFqtJmk4tTg+Q/qltNZoEuQKAbX5ATK+U1loaV23zegBcqewbPRarIE19eL/
cBt1zEfh1pGF7/hZLhg26ZTTk3hEGkqSWy4FTIYzMaWnIj8gVp1+hiN65LTdwvkk
aNc4vdywNVFFUNa/llng6SM/jFmnoJJZzIkP8mjYjeyCChHyMSvQqk/KJLkEyZ3y
io/6YI4JCzuW28jqNDvYUeqkLnk6INFN9YAb/4uXUvVLjsRpld9pV7zIm864jExq
5y4CVsjELaOGHXgBenFAXM+du8w095TtD5rCQhMZ59iW6PamQ2L47vhYISkS+JTT
2Z9Q/heKtAwwC8iLAbFBD2dINx7mS68fdy5ajOtORgB93LRZKdiMrtHr1M5KlzUE
4CxiiY848/vFm4qRKFnkNy2XhzH/Bz8EPgZ84YbU0JVA4aNQg3DqpWOeKrrBa2on
j+BoyXOjXhU8f4SCyYCubx8jBX7K1eKLyYDEjjTaLY9Pu5gRyfcT0HxAdAJ5CRKf
fbYOUqgoXvjZVO6GQPaokTCYyIBy5y7QESY6/nhYn4zsncpXy15QR3G+0taH3nFg
lAZ1kBzd9JQLar3X7zkvBuqSfnNOBvvOzDUb7AJFZV4NxtJjuK51ZPHq6gJreDcW
maal1HfXqwah6zO1rb7j2A4NxRpnMRSFLe6pAjMHNlX0A0Kswo6sBfXnlxM726zq
G1BR8SoYdXUZOyshQ/nsTrarPqgm9i0dDmhnGifH9gWShRUnajsxiAk1o9Sxa4oM
K2G3VFV/0JvOnlxOoCMxyk9YNXtfCI91icAdFxb72IAShXkFqFipkpAEtKvD6itj
yWMwSPN1pyJBuYXkoS39yw54w2GLyHMFRCXc87FXEgVGZBT1KGXhtSWP7aCrUyvK
znFPef0mrz99JE0Y2vQVopbXLV6U/beIhbM4pbj5d28Td7yOnr0JeRlXoUIBSDM1
GuKx/Bf67vAuWz5a3wCN4W7T9cwMvgO/lpD3Ixl8FMNwKHQtT+JkAqZXSxd9iBMo
BxVObrBeD69KbdKZBuOyESRGl1iVFSp50ezLS5Nxize7D04gFZ0GpDY/Zq9wHmZS
zFoAhK12wXWWGxu/V5y8QYTBVHB6pKf7TUjvyHXt5M+74C8yH2uelx5aw188x19d
ApHbk6+2LeNkFSg3isgSkcH5BXtsmf95xpTn7DUcgxFZ8IvUNtilWCYZMUVA/Fmt
B4MZMhULdlz/h23EOrt1Ctk+WBl/anws6ERELw5/2kXd+zigRwDUVwPOcY5zsXjV
ZlpZ2na6JNd5H46exYOC4J1gilWRAcABfCgRE+NKGBeQlwOkl9Tbs5Zk50A+YuB5
0HDblho95mqVQ2r7+NPNmck9XaVri2bpIjKC82C/6e2w13Xh9qvEXxs+2UMPTE9r
utS/gY/3dl/2b3KHWgIt+B261QIOslrSxMe6Ngw80C8muh2c+unsW3xTu5e6rcRn
oMLNT7aaqrE5ZFWfl3NFNGTIh2dD0pTWJflZQ0y1HxZOm07c6V+WtDYX+QghjBZt
rOYPtf7PIpnKd8875wXC/n/aeloFHmM7IVr4nyHRsQJKR6C2Dd2A6da+jXagd+kJ
fjZ+cHFKdOiubrdkNOw/p/OZi7OqBA/9eOQeUM3oQGs+D6FrdCxHHZ2XI2jIq6u8
HnF8yAnNFl/AAYaZc1GlStr6Os40xf5BMUQcCqAtR6vhZ6yOTR3jp9p4BtWGURTb
GEmO4NbFijVzZzQPrmVtmL4w2WSIPLphEgPHoJUniZbkM/xN8ee5hj2PmS8s6cci
SR19KoYHgYNqZh2WwvjqVvdmuc4F/o+srwLMhI+lFVjEb3+bm1PosTP8R1nZ1h9l
9ehCmlhnZcO47eoJncvHY2k9VPW/uwy6cFR/dDTEBkGgkqmLA6Q01/dAH1KjBzNL
F61LkjAlR4laSdWtNC7PHsQvJhAuO5Lqr/Qc9QYbnuL4FGV3QHaDZG8t3i7vQ1sP
cHCDYDHrMdCyWbtxJKp+i9PkhtHx5lupt/gXOq14YykeRsgRT0qORgOQuevWsELQ
MC7PoWXVAFjdywcQ7IlRFy0kyVu/pAOyoLr9GdL3IsyyQbpBlrAYseVz0RI/y/PC
uXVTu0T1SCAwiNpyqHAqwnaHPjMzgP+vUZ4YRYrm4XNyyw6ZomakhNcZueYG85ij
A6fYxUe/qYUzumdhVqp/Hp2jRcG442ZDSlZVa66hG+zCb7pH4n7p58YfYF07YrHM
IKL2IymCYabfb9OGw4G/LxOwVD83RsT/MfxBVVtF72p9afb/gb4zCLTk/iyLsL70
dU/dFST/qdll8IFc86E5MCx02fvzNa9Fm5Vm61O6LnEn/WOOqaicOi2hu6phUpgN
Tk+RqdRivwdZpolEHlzDQbvjgi5HZ507+LkSnsrHKCd7nQdwVn3EGaZMpWdzHZjQ
DKGZrel9R6spPlfh6vhmoLYTSX9phAUCl150h1bd+IF9rIafT+0NvOplRK0diVJo
HoqI2dBs4y9lXWoeNKGlb2FQ1AY+TS2hoHPB5XmMJKk/6WCCtAZk65awcf7Hcd7D
9xT2lC4htK4PXbOU3Vguvc/V4p/+VAIPdOy6IG3eL+DZsqGkIBrktJEyT4zqvgBV
zZ856/hQt1e6Ykei8w2ca1tmGLcsQalsKAnf0HxEb3cj/u+Zl37TqKaK6ycPrcqw
RinvXB91oJkbv3b7FZi138D+4dwPYghuS2d47lRnKk+yZl6A+7AxrF1zxnH4NQJf
mF+dIqDxoT+fxkEAEO9foJqYCVAuGke2Nziqp3OovAHpgVE2uqov//8a/ZflIgad
/c6cAN5GLf82e8pr8lc4RC0x3WOuceE7k810s97T45AFPJrWmi84Gp2I/UEqqbDV
nkc1OqrFb5OemauMWhOuy8MfnUaC19JqPV0zxDeYuH58ieL+lTAxNoccmTCifH9P
XAlQDT9zPJ6fzpNYa9d922CUKOuPEzzFNKs8x1hygvA/TtWaNQPH3PQ9oJW1NWXO
D2u0vQKjRdSYK2OvxF536CZ+GvlkUHC4eu6/Q+BrxO5xwyfImbfT20Y2paW/lO5h
znFNzB1jkuJZfepf3MdZIucHap3sD55g4uzRYyVTDd5ny6qOyUNaKGuGla5s9COi
nFH6GTysUffIrDc+LTQVHD2c41IQvYTxBJ1RpkBivjV0GaEPLO9x9Gdk/VLAUTvq
A0IQCiqp7XxOpsJlbuFFaBooeLPh3sWWZ74lgn1iIXcOu5W7yivw9ke8H5Xcd4T6
d2ugSziXWmu/s7yzzkQfUrEUvk/VIrw/yesKWGf5WCfYsnNHHHq7zoRvCPNo9H0a
lJmI309gYaqmG959OCvXNKhZ5vldVqEwxSbITX1e4pDVYEiZ1oIkKwh0z7lKwUci
YW+0T+EHBsDvVAqwSB727ksC86+4vhzI9Ntha6hAoWxUqMQZ/jQ7CEWYw8tge5e3
VQ6I+vxPmmgE1kLLXh1oPdY4VAtkDvLiBQjzwAeJV9W+GpZK853NPAO+swYAWRvo
AEm3KPbK6oUYeKHkUx0D+qoT1FAnbpfBKGU3Y0cWoZh3VAqO3RUwlFlMp7OPe6OB
LSPFVvV5Rj1ns9maKKGlxbpraVDAeDVsLXS/4C+r8gEehhsHOXj8swQl9/BFT9im
b6+6xJMCHJDf4z513kzVgxLRyZ+8TEBe7nYOxmTzYVPjPzSM2+GpauCtEeDagfSx
LU+Xkgjma6TfYmCq6xOewQ0EsNCbZTZw5B8Th5QQeWbE72Wpkk/cU7hd9fF2jPqA
l4WYmsaeJIY2ZkKwzE30sWNnhDJ3m6dKhFc+XtV77NoXoNGsp25SpQRaNONdlW56
Ep42RK11BGlcUWaQ5yn+AwwviaiWlsvmyr5xhboICKsWhZDaaDH2aX1IMo6Y1jCJ
MWLBslzDFJaFf0B4ujdco00IYOuZ6qWAAhJalKMmgWVKdrk9KwzbsytWv/qq+2cw
r23RQSLmncv8vIZEWU88BVPdfRrrgWmZfI2nNqlrMZvCuabGfMYDDkoB3zKKkMcl
mJCb8ZrrZeR4mGo80pKrZuwIEnpKetRQl1PhMycZjFX+8jMQ4aT8ik0zO26GNtNZ
BFuBBNAcNfHukrV+xQe+Df9gCXnVPge8IDw4M0Jii3RGq12QvMQZpwIhvPJCwRs5
4tggNkcQyW/JRTdJNPxLKE1ds7fqMM4qu/H45A8yNp3YShrLv2gz17KxxyWiZYJX
LLzctgRpPcAzOt3GkowAw+el2CWL3Zk4Hef/XCp+5df5Ng3qiPXcKaIxMaFktzVF
JC7n8CWYhS/yXOuYpv8nJekTB1C7gR9wFxGiJiURSrtlTv76tj5Y4m4SPlg4HRBJ
nA6SouqiO+kZOOKdk0KPjdebh5EZj8BK8Uxjp80Sg/+KNOcIs2YKqnSUUJgwzRQm
Ru0FDZvo3irs6hw63G4c/RORz8cFjlg+bC/dHXvMlXWyMNIIOohYiM8bH6HO7OTt
vmW1b4oQ54pqZ2K6tFtIlbxwgQUcfCWpSQt9ry+c8cMDF2g0fe6kxTV68JUOASKf
frvK1L4a1EDn5CS9HMu3gaH4sUKsY3pjrMjUyYy9glHMBuvpjLGrmILexF3hqiFB
JxbigeDw4C5TK/bDTuNV6q/fNb3LAGAQW1RxFoA73oCNBUVGg43kT+kVdZPPmvXX
jaRjmRyYQVif1wGrrh9vX2G1n6Z5NjqQ3/XForKMuZWUiAerHsFJakb8ljYvOGJw
RO/sIBlgDWaEibZ0NYvAQZ152X4wtszb/WjQ0N7MaHPhoimd7oi+VfjMovv4Brns
90vr5bGaD+Gi1NIB/5CfvQSqi5PEvm7B2l1T3hZrC5PbawbaM0W4T4FR9HgrsNZn
WRjMqtUk1TQkdIQ4S8W/Ax0cUG2PiRUyYf2MZoBqrWiIWmms53h6tMOqb5qwPuYf
M847zAfsHlyrmUvPsB4qxG4xt/kpjLgFwerV1m2N14uYSjLkU0UhiQmgKPbQ6qZf
Uon7j3ogt3DwFxXJUm6VVFihQ1U5MPdyA62XBLIKR+ybW5fL596roW2iUD34gqQQ
p9uIYIccVD6aAYq81GqnQbOLqcEYgN84KImutNLAfDPf+Jmwz2WaSQ1G/yX/E8vy
Gsfe5b1RqJfvdgWoUU757WZPJvV9NMDRtdlHDs8kCDKbNGZEe8qKNvthPNdKpYtk
Q9jYx6CUI4K+MHptSgh98uUsdthvWu1YiuFL4xbXPRcx7QlIQqWClfvLUlZMB7Cd
fcG4FWqLUEirp8bWLGzY0blsKONL+j1Wmb0TC4z7QrdE+fjDXacCjhLx/YGsFab3
wu24oftXwv0QEW2wZUGn3XvNrXVXTNl61m5UeOUbMi7E0y98XCGQe1XHNuwnrtZu
Ec0VVsGaqvr+agQSGwUFO2CUVGlkEyjjYnyPJeLv74C97FnSwqPieQsqHLrzDOV5
jJy5poW5FNbpFww9vz/gcQ==
