U2FsdGVkX1+mLp03SUBOq3lb+4HAadvglJ2wkxNUDuEqSW84KWNypL7IG5QAKTxY
SY3jZgOQpEuhyf8spzqA32lPoAQ48IuC3OivviAnPa4Eh7MdutVKWX6++a0REsGd
6IjfImfz6nyQI55Y2pBmlPiZ1yELXoVlbp7MSGph15G0YbA1jg8hX5x6zc/iXu6C
vGzaoel5qpqbP+y+EP7v0c36l4IY4UobER7YJ5GV197PtRPHSxziYkGRiI/zrwip
6+1vdj3Yei5YU3cvI+m5MNf0mBeyXMazfv6UlVOe1ZefflmkhxUojteZyxazGHK7
yoeaDSzDrpmL9SpJtsHp/3FB4yiNK9DkHTma7VrjNvm8e61ebkuR7Dw8/Q9tDC9t
2qXMGCSBqK2/yoOh1PJ3ZPM0fBX06yOuMMBk5Rf51UBqDOiGPJ8ypMtjUQCnjelv
VsbQABTUQLIeO7KZnZhxaVARjs+uUo+ZrlwPAazMnttL6OsPk03wbSSl5VPYD9nD
1pWJEnfpr0Gvz8+8E/hJDzDz2bXRgrYsfrv5sLBGrsCA+Ik7JyoAjG8v/A1ccaWJ
4p7Mn/gyUcYLe2PXLyUSrD41lTXHUrn1dkDK9f/JZHaDYQ95UfsX2E6imdQ9qvkJ
4vrgVa3aKz5vdh14ZQJJ4Jl/DmLAfHt291Psii3IK6NH1HVVdhOpmpNJijBSy7GG
T49WyAyzMGqGLqjde+c7dEalcunDMtjeBewyedZwn83pwI0etKIW3TRNZuI0vAn+
fCgRDaREj4Zv/IDe9S8grIlSbd6p5J+6jXyKO2LlWK+NRSwrnRdL/1WIAlgcTLXY
dCbLSMLmeljmV5NF4tUZYIImUMxLR8VIKL5ZRCqzSIgxdwCjxbzEoBAifzsL+XJZ
T5du8XRXHxigWSTtFcFN819zYbscu9hzcDJfQHBx0RcDVSaNm9LwrbkXz27Ut/ff
d/YlAZf4rpdf9/Tr8ifRiFB/pQfD8UdUvKyzwQEGbY/oPYPP9Wi0RTv8vGDJaBY6
ONe5C0EfmXssOmX6LOJF9P3VpcjhraTxg4UM57GvP0hRFH5NjWtM9phg6P9M2K5k
Vgi3ipGvfX2xJD8L6voqZBSZx92eqq1Q8oHr+vu8pSjyt6MLOKsTcRriNrACEHFB
i4WgsgkXG5ZT0HIKII8PGfDeUXKyvbCaZ8xW6dI4BB4wUcN6YQxM9bLhSRwFj0Kx
jap+2jjNGXpULSZ6xOJdxK2GwW/nE/KgAzUo7A9sppU4j0s/ugf5mQ0XE0G+XXoN
oC75TSbb0xGcVQj885r2D5uMiIs1k7zTS5TDQC9+u1zNKPwGI4joSZidWIDY4Af7
vO83DtpbWHbjMQq7SIqmZNxGkV6YtKfEDL/5L8KMqP+I5hMwc9ho/IbF6bqkGl74
ZJhpMFwtscj7VvowTpfhe+7G5bfi6OrwUIQggaL8p+mBiomtllvIGf6r1V0BLcn0
IkKouemPck0PVYCEg6LrK0x/YriovJ8BUZQtAAln1+G8CEijS3ZsL7bOzPiR+EqR
fTCGLVGJ12uEdfaxt1mYLuD6xBwB9rkSU6MSPDO9upIEyrj0i4xj3Qx2F7t+CT9d
L777PKIa0nORmuJQGLOX3NipPFb8Bxc3ZL27Zi7H3564shxr6hDNJ1qpuCk2jMwV
rT00CwacRMW2lnVZmSMjQtvg2rkcQBvumft648olo1kjmiUVq9cfYvyb8gmO3yt2
vVXOoaKx++BTxJhDQ7BxO/tf00+WOD8yZFVTRsnBY1OkxaB8BKAAkcRxnRPGCKR+
y4I6/pnBR3EmqyvbCXRX1dWig0upo7Mf5MbCy7reFeh8PhYb/S9rKaNpYYSJjAma
kRxMwXIuFxv+YF0pSucUJ5wzHkseXRhA5J0XwA1TK2MH/g+eo6txQJoHlPNFSmcB
Nldr+9XfAgLMzmMDkI6nW8puTD6I34DgAncUscna2EiWW8orkPE9EC1OnhXnkHPC
xSeH5Unay2Ez+Zd1plF+4ZXA05E6Rt66wV7SWj01MfW9ovjQWSi9nQGZTneF3gvT
SoykMvHoP60uQYvoDG7Wzq2v78Q45RlRcXndCx2jLCtSwfdrJfdgVmUJZS54n0HC
SgIO21Pv8fDF0FE93oJ/ZPoZAkIAKUN7Z2bo2iwru5c=
