U2FsdGVkX1/LAQJHS0pIqG+T9lROGmndOLPfx59Y0p3bVANTMFFChKkoQhYRj7jd
TGfYbk0VPccXs4ykHUW196WVV+stDZA6kKbG+lA1dICD34XIQBfFiddmYM786XEp
OXJ5G4bYOBGCiY8I0un4PkMBGsXWKH1hxwHSStSojWSezuKcGuNaeqtRIS+X6LM7
vR3D0F/VHY9i2de11JYUwMg21OWRuxhDt2bbz7oNPtmRSgRF0ULNgRd9RsOrzk34
9cqWT92DG42yQ0yIWF4HhIQAAhQemrIYkYEnYzHX3oFIInXhX1oIlqi6HB6xiqJV
zx0g6FClePMCHKYxossF1wlmpoSneLh5hbUzuYmcwReT8Ia7jQwiYzzRbQ6kbXKc
+C2ChuF3foaIUdIl/YBfmOS++D/EWqrVDO3V6HkX+KFZ1DqYi42KzF0Y3TCXFYau
t/3xzTJRhsmkp3KC1cFSuD7zJfRj8y56bEczXjT3k+ZFUPo+Nyy/RL9ISoNjnkxh
J+4tp+7U63wJIsIuyTZLqKRy9ojmCEjRwneuBPZHIFx0gdvvtndmQMjK1Gk2/jEu
ddSzx724S+X6ub9nRn/qaVtPvKvVzz3VoSsAmLLzE8lV/ecTjEJrl5gHzUlMfimC
JjFXEXMbKz2qsz6YcO2SORJcwuLkQOA3zgEtDlXzPFcohUofIP8Jpz6Q5Qwnp2Xq
hbhl5joM3apS4fQ/bY/OjiUSa8et8Zy7emilBsoGAYCjtHDfUVWEK+0L7fRCmjh9
heAa09ZKq4UQo8JwvTEmS3ej1KaBvRVgFN2fllJxSvfVjmAkkF4G4zWsFh73orcs
qScsRBfGchm4B4ffSHIEQWLFND2B+EM2ieAqW0pk28EDyodkNVIH7OwmoDzJyb8e
AVxL7DQZyTCsg0RQ4+vZuuOtTf2EFEjYITNIW4xrXE90ED93os+KCnuDqEnZ3ttk
cLTuofQjlhNZ9NfAX8zp0TCqKrhSMPXsf+uBhFznwDcLDg7ZPryvJvxujEdZ9VUL
Y8rCPy+cIH42Xzw8IR1U1VWbaXKde88X2kp5h7WjNrAxy6v252qwmuiK6fpKHw8Y
tBPCiKgiDnrIxyViSWZbm08PGt3Tn4Fwo6iaeW9/Fex4Kq5zjH8hNhr5FaWtRjjM
2pZ8CpVzWdab6P3uDy9bO4saPjzdI7tXLhbXy0/tJXebiwf0qJdAuEeL4Vu5zmIH
tlzDIZ/maDRLHq0Oy3gJhhe39Ez1WozerSVlGNl6onmmHf/i11lJcp/e71Ft/bwF
xQipr1MqfLfChnCfAk9QEJYHRCW6e0GLCMWSq18UsUMPLJuJvW7LYBixMFpaF6Jh
O3rVS4jxu617JeeHH0iJgUa2etwsmn+iC+hZ4Fg/IAyG06bJ+v+OrsFT1UelyWKd
vUmiqmBVlClcCc+wo4eyKVEyJhs6iOJze3nDPwbpIkDlh4qJ4im0wV/y4lt4Aj5F
x1znBWpnEl/62TxSJJ7m1TtDhkKHSAFo3AkYAdNVx44rmpRHxFJSyl/n0FmKz+6v
Bs4zT1aL9nSYO96lYpoZwW46xscfnzMqL82JU/RyvAtK4ugjmKdVcWcN3+hla7Sm
uRpdRJ22I0Ne2ZguvyNYqZfV66L/4w7TE9UKyHxfcUOkHnisfhbDuSRsiAT/5Ofk
uc7meQif/72Z376PzK8UnxacnJWNiblYEMacuC+2VbpDt/x5MIP3EG3594SHH0B5
Iak3WhlqMZHqbHzmzZ4GY5swx2KlMgM2inBi0gl8b2ff1TK90S2RARYU8yEwD1CZ
7hAOYDJsK3/U4LtaSyLGOl+z2t/vrZ/fYPbswAYQiC+wdRavmNzEnN459uhmBNwB
gxNzolt74OcpHNOEbkLoi7fKurc/DPyyA0qBX8rHWAnVesqzYoAQLvpwlgq/U0V1
mk87BfHccljEGZitIKUD3OjUSfo3u/M/Uyrs1Wew62DboBG+1FD3Mpb2Rb01wl1v
y4Nz5gYQ9xBIZpvZyD88s/Sqn8lox8/61jfkL6AOew9/ZCtlPR2DsZFvTDZI14FS
j569e6tcnHbAmqV4CqkqNVlyC9e5gEd5bI/bvpjnsMpJJ0apMnX/J/TlkiNV2HK0
M3ghgPSPZo4moBtEK5vBFfFAVlo9a+5Uo3As5/hthByA8CfdZ7QCZO7rFb4POM9F
6LjOqILF1N+TPibBGmvRPiKjJpqP9QwEaNjt5zOkoDUXKOyrO15Oyahy4oqfXUy1
Jl8je9zEOqOAd1JHHJN8F+y3omDYssBkGDQeyMHKxBZ75dPz1CafutSwWXICp7OU
mB21A9xmHm3F55U4jH7UkOxg2PnXr7N2uw1AiEAbTY6cquy6NocKMvccn/IeC9Kg
7jh3GIgCV7FikRhDMqbjJb8Jkg4N+JaS3Mq6glY8PSHWXFrD2CaE8y4iCTNJDeTx
w3YmsMzb0MWIIxa0956tR1IJB/S8v9V2MUBecoEFjas7Y44TL1RzMNMgm9xrIJ6F
jlyTX2F+JQq5wS8EeS+OUgOF8Qej5bArM8aazt8SGTpBTu7oYxYZWE1aeXeQvCQN
vKA5Hdqd9I4BXfYTbLu46ZVRkhV5kB2Z2uNtLtcRrRquObgxq05d53vX1hJgkPLJ
1ztvy3O75smTiyz4Dc30ey9rBCRUzSp3fQ3NUHu8N/2H2MQ7peD9k16Gk4/4HbEI
M0O7zIx36fPsF5GIUPddm+6RKIjyFhYxE2RFb281TEvI/vLIRv2KGqlNxz+GWmuR
HIO8lqRHrtCCQZIJVeDIIC6UFi0MfTCWHPjGQbFBYrouQkHSLYc/lDVtT2SN2cNG
AZU1UFO3M6+Ac24NOkInGCiBzD1RMJOhz0EyKagnZfKB/tKonlEeNW1TgCBIvLtu
zY3qgijGOh+wEBvYjlZxkQ9/f3TMpa706KYL1XfpA2IdpI0M425IQkw0iA7t3e8/
S+9gij+5AySAmP3Oy8lT0xa7esFr4u9BtggxlEU39qarQ1+3saoqwqrAyl2JDLv1
I1+ErCBFrLUnHDKm+aHjsTs3Gzsc1wFhfBB1tRM7LiU+J8WN+KYT0+UHAxtKnurH
ywp2kiV15NAmJ1zXocypFVAl0HuU+Er4dkRu2nxUzW3CoPtvIdagyX/Ozgshl5MW
R3zPFATSC5OcmIWs92mCl+AIXszou0sHk1YDF5K5qLyBkrW/f6gBISdo80vr/el6
tcssL89crdRNpCbHt5pCH7GRx/MDS6hEqyCALoOTWz4sqxdYT8zZq68lAMXr571X
mTR6IZWVWJiY1s7FD0ojoPBx7K6Jn3QCvJ9idJykJMlWVcjQrUNKnttv3cveXM3i
fnZ72TAKutBH/HjsRE5t6LeRW3LIu1QzULR2TmAJ+Z98qITMe6xUFfFmEb6+t73s
kWcEaRelv8UpX5s8ghNRcNUcZH6++OZnOTfVHUVYzccMYK9vTjowlwk91q5VQzXL
ke0H5t+e1an2ObYLiDG8R87mxnbcA7/6taiC5u5oCci2jQ7lDLCQhE+hNI0BLgNe
oxxwQh+kmnNy1mWi5RUT9yT92itWXCUR1twNHSbchCkRckuIaA4SdmB8oszrsJJQ
loRmGSVXgFBdXwKzlc/Mydc9UwZ0kBDDJTduAye1y/WrOze2SaqLe5EPNspZYCeV
BIkG/c8TXv+zGnDL1rbN0orl8tZXCtSi7KP9uQI9JvRncoPXh/p8X60QZfZHqjcY
k9pbfVJ2WE+AJk9zvkZFbqI8dhr5g408QpwV6LA1zrVhpv4TYNp8HmmZjJvYeYsR
T/g0o2ybarHi0bBinvCQkvsdyEzseTyILoaWAYv9KK3Wy1+W+eLnQW9Z95VPlMOj
S2sImVhJVX3wmS4DQz8yHxrcrazoUpGvW317Kjs+GP3ELAoqULe17rAc5f8u+2V9
CBIZWOCW8U8TAz9G2yn4AevtDjc3dPHWy3UEGpgZPOiNcO9Ho056aBKcsTW6UnmF
92xnNdSv/eG9K8zOlkmRSOG+AxLEf890oRRQLIoRqRlCGqyaYJOqDUkXZvCguYQf
3qK4ewk1cYyUm/RUdCLBl6rNg4uZgSjdKI5wH++dj0+9aQLiAq9rFGcJF6i6DJ8N
LqrLeAqPFDiytQFFEA6F/VlZXElB/vag1H0pl7j3TLBdWX+Fi4HGBilrkStNEkAP
4tC22E2oXyWHlt93PgjPbyksJa6wvzaMw9isHxyxRhF0gU/471ngHn5ghAtbH8v8
VD555S8mv+ersjD0LfHMDN1aAoNVVO1dnc2aRqi5ccp0kQB6qaFQLJP4nDj1UZ7A
wDV4MeZcEZ/+BldgTvpZkSaN52elZIMzpx/dqY4E5+hrvV8EmUZ6Q3LFzZaSo+uO
4Fvtfdt/ZKqy+3SD5/5QYrBrflnJK+kUEbj+O+6kZfh1IZn1zG0K2Ofu/VEm80Ip
AYSo46rS3TDC4Idt8IRxRksKYt3wc/IP3s87h9aPbmA4lUKooSPzifVE4fbfCjaU
ooz56YfOeNIC5osbhN8mPCbut/RzOU7mMaK5tgx5V6MdTQjpBG/7nSiYdtfeI2c0
ZlMvDjXSmAQoPcWJIGJP6MxHO3t+WtYcOTrqqA2LwmHq6Qm4A4WtTkpEF3GKrMFR
X0uDZQXGULi7ToqCxYKbrIoZtbhsGY5QaCV+OHowBfjqI0RXxHVHeC7oc02Y0yAj
wW5Tc+EmG9PE2kvplMFRT8DPaemfQrBy9LtVGfqBkcOh0VtNxeyMxv2asu1VInlI
tZUsH+gUmM2rNmWwhHxD7rWyOUEjZNeTD9GpXnxyozwm7Yd2HmEZXC3/eo9ICNe/
m6JOVL51+u64ErOgDsgY1RgI+KwpOnJEto+c05MYAEYeSGUr/xfH62rGF0T2kBKK
8hb7ON2KaEc+hAxZaExybKPwcgiK8V9DmCa5191gpK8lZLYPy5Y0mZz5KTOCYGzS
H3cfuDtU3R+SXY5FBZBkhTzskMXloUWUtzhQVM/y73U/uN1w7lMGsytLltbbaDoM
fgxabNkgoJG3jfjcVRdJF3l8XvkQZ6sztQ5VnsVnyE+k3/kceW9rjjkmFieX2dOl
+sI5GS5P8FvuDtcgmxv7T9TkPKbmUFrEpXwZOadik1mYTmEsrpsy6RKs44Y7kaWt
N21v9fNmQHzH+tGzqRXapCcsYP1H9ykufaaC/VB4xF1wpYXXmREC2iI24O6FsnA2
5nEpIRnbZiFtX6McgXfP34Rmfa5yn3+0p7kdo4800WCY6z+0MIg4jAX8GMaKYuvt
jUueJn3Hakm3gipBexn+Q64XHy85vE7HbP6utn5TgHX8R1xG68ARuGu5GWlbwe+n
pKKXCf1pMGE3ZXXFVbTjPfn0xw8KlrCmcy9zR71HiAwO3BNUeVK1AidY8bQq1bSr
6JuSuWQb4HDMVmNc0uYuOn3w/I17IypYGznDBERrermGeMbradoe9NpHHCN8mTiz
fDAhZvxn60vAXSHeg7j/QjLQ1BPd+HTvZJwwdHXkHYtfqpLa814Z7UnG1EmORuWb
g3tcaSH/c7LZleYMPBTZfT1g+yzlNYEHFX4IWbp+5c7ctl2ws/NQxOqHd3L99dAZ
9SwWlrF++aMxE4B9rbRn7sHsRZagoh8SiRqOEOqJ3a6MnHaWRZV4aEHEom1fsK4g
B9CqPRKJEun5oTrZnoS43m8FmAqrMNdOFy4VnOTCn8PEkCYBIFim5o+xDEvCfLgc
jfCvOgtTHQAGTPWbMxZRGClyL0RSZHTA3lh8+LuKIoKlPiTzxKyGRHzKcUgfgohX
FC7Qn1ztZ6v4cQTDP5VxreXIijhwxGEJLjAnJI/eRTgl3TA7LZ9SD/1ztfP3YWKL
e6P9luSLYRoVtTRZAMBhfrx+7zfNKh9e6Hicu9NkY/Vgh9rl1AXXP/R5eHyTsTNJ
zK2ntfHOk38BgOjZCS1wJ7fGhIwKIxe/i8t7lU4GMk7pV7D5IF3/K/o06WKYy/te
Pfl0UGawr7tXEpceAC40aAm0zBgpjU+JHyRSEf/eW0mztZTeQ39laVX9nI0fYkma
OiT0huR3QArEdVdLx+imLk7zri1qOYCENFxRlh6ptdtuFXtvNlczQ/UvPvqLvEIU
DxzEYcxThWetk50RB9KKVweFtaN7m4Wv/zAmMrHzGPr2RATFtHjUBCcjGmixr8xp
Ec8xKmZkuxEX/KTcgBf8PVW+BjUkmv5bMmVLEMYOVmOwhoo6hi6OO+Huh1sZ8M9F
Ecc4/JLiSGnZgO8aX7k00HciVNl5xLZvGjdgBIwWGMIJfoxNFyzYic4Gn7beDdM/
LZlluGlZwJgoOKgScMzJV/ov3iGirLoedlF2BLYWEmbfJvKQoiIKqe5jPL5fOuvT
+XyCcazYA4YgiHDei7f6qAJsJjkKFdgrhes5ddQ+15yePh/jQiJljnbv/ZKetcy5
lxTXoaAzyUM02PWs7cHbpaPs2GaDHljGptWI2hMTXsHr6+/ZnQVsFLVTBZRYgsW6
1VEMspKMfwmVmHq4T8wsmk1e/c8io2HhZxIdodRCMOnpF35/uPfmBW38MsS9haNb
kV5POQBNg1UfPsPA/IYzY03zBWGHhG6gXEAvCjibS/aIdM7Cp1hikJGd5wGG9AGe
PZW8KP4g1d8AdF3Ur7y2Z5hjxrZy7gjHq47Mqp7403DDVEFCJSqh0yyAK7XnZfOm
96kwuwLidbTc5wopp8Vb9AgY5ZogtwbL5sTyGHJ26f2sneJjDGAnDho++U/GyXUy
zfasgfa+c70dJ98/SV9iB09ahEngU90+/8bz05VvpK8MNxaEFDXroZp2kXCS4WNM
dRqLM0fSya/hctfE0MTmbaZdGhVCW2lyMOE2vGuIfiHbLJFvRz6xXXE2jAW80M2o
2L1kgy5iGTz6cl0cJLfMEe03SGdvJJ5DoedPBHqEFuX6oJy1Owg2kZHRLbLQrdCh
biFmu5MUAJNV5tlkV4N7qh4RYMdFBNoSL9MOgj83kdPaOyA3ZrJOLguzfe/iQUQq
7CGkBrwq0o0cRKhqg1aAmPu3lW1xaG6lIWKTYHVVXzGQooq6QWfOzaUWdtgPQwlh
kcyahij4VJwN+pNMhd7YQ2OSXuZeGsKhl7AiWhkGBm6J37lzVcT+qU6HxQS5F1TG
w5PsHCVtGPpc0jZ+xuNJlYngZQa0Xw+63oofieSqxrlBYro4Tqtl3Ao0CRcCmmUW
6yJZtuseYSrjCAy9GwNarGbCiJcCceeWVeEGrdaAYVgAsR3M27tAExQuvO9dfcju
fffN/B6x2hdiE46iAc1DjetP8hvdmjVgJqR04r0DmD9coodfjeZGq03XJZ2ss11F
f8tW1R+vBiepDWux08G1wYaFo9hiwSr42F3nOJZ8oAerNc4ImZPA3jwf7dMQU6dm
HVkcuSFoZiorfY1jvNmnJukHjMx8O0Gw/qi5ofwELRjH9KJM4RBN71dkuHIOMGpv
egd7x2m7xsYUnkWsKEMfm5H+22uLiTGApnblfURaU6aoh7j4Ktw0y/06JZ8fQFdh
hQ7bLfChyHZNmQYQQyHrqAT93fEuJK1rjx9T673I4pQ=
