U2FsdGVkX19qesJDJ6Do9iMefzpsM/nwwwhKn86tupB2auFjvr9U3enhBcSNoCzp
y12e61oD2DOQ9H42IyyKmNvlaXemfZpLshYAPeHz9j8k17S4/jU3cOaXfqdt9oQL
aEOXLPTKaxUfZqCfYUpok+1aGItGMq1w8dnF2lT9OIesCA8bnXyOp5rOmmy36h3J
1I8WMMOV62Upo+CORlyzAnZFA3VKkmFfyGatdMHQGVtSEYzY0pVJh1nOpM2kSR0T
qFdfYUfVXtGa8bacfHTovof01tdTYVzLmcMveMXeX4i5ry6yV0dYSi8YYcrgFxz5
86ww53TRLK9oppTd0aWO48MK66o9aIey/0gUw1xKiDD06ZPVdvO3lgzi9m0gRnZK
aDgVNdvp2NiDe8PHvIO2cNWmcMxMMNZ5FEahVMHvTvRgw/+AZGF8Tv0D2YRIQ6cJ
pt87WEmFbiqSpYwX4eQfu8CJmsugS+RkpdZ/osfwzUe0Xk9JHESZoL+uQG+ZdLcS
u+jYrAYYT3nTk/GLQ/kj77cO8Govn0nr/HWq7E3wFS0JrEyBLC/u6PIgjtlgWEKM
MOUSSS1pJldX3ODhkPSfybe6V1oAWBWvsWlIehBQUC7cVxhKvudT0AuZqmrRrXkM
fzHQ0Ea/AmbdRsVyZBSzstozlV6ULgKvlR2VKCUSGT4eBez1MeucUs0lXi3Rd1sS
nPFdYNDck18hys0DmoyoA97xcymsA5lQM7rzVGG4hpmfAv8wJGarNkFysFM9F+Rg
SAS49MqbtYQ+sn6+uyir1qhEmef/7RXaVT84S4w2PXSz9BODnm/ectWEjP1IIRoG
+QZ61stZufthGVt9lLsBR32Zn/fWb3J5qFavpeCXYVp5h3TTo8f927550IRRyj5l
UUIs2/20b3Qt8dXjxvv1BVMlQrPVF/Rlq4HpQA54jUnbnaN+OySxTQ2F9sFAM+/J
ItyjIZe9qvba551+DEuihH0F/b8TTTi+Dn1+mL9OBXSA4gU1wn3tKbN5IKagDuwR
kDmtJtDPTXvfjfgAdJXF4G4oyL4XwtHPu3FFB/yJkJz/3Uivk+b+ZF5S9CQP+oKL
hVNCGcllI4anXTHPzBujlyrtwoUs2RW3LA6dtgcA4QG7Vl4tssgwvbrLon1HAr0D
jLDQ77LoP4mMLCp/qEkOHoMTpfcb9d3UXJ9NtxgzcDkB1bsDhsRkRz8WoWouGkpV
kU5Znse5CApAJHMAYIrHZ/+PZ7JObiqEoy+KitKUIphj9sFxxKCd3N1R4UcldJE8
xMBf+q+z5oW1XRHkgbEm8lYhyTWjAXY0ZfSwk7UJbnfAVx2EteqNhJFuWrKwd+cL
zvykxOzgSNNSJHgslJHeC0qKGHshu++j7/oiaay9672lOm6r9u9QumTPR8rRO5wP
p6Og0KsvK1gxSgoRJviE6xMmz27TQjWdu7HYAsJM7Kkytjw1cWAc5R8R1CnKKnZx
R65HjWSVenmgxQy3kWuz2esaDDTLTcHHSgXf60bdCHznum0c8Jg5jj6n4awdXedj
PEVUIg3Z81NOvBW5bp5FzwOQB/ZkE57AxVtGhpDUGOhXaoIHPxvHzhTwXBCNhsQE
Q1iOibh7EXhk4sFTNNHrcWFyA0R2RR44ESyVrJ6UPoxV14XQydj+h4qvl9qx6I1c
P1cInwHGe1DtSoHq2tFL3hniqXbxZzNprP6+bkEQ74R3Y4Wg3oLeQWsgNGC5Bsuz
baB55DD2U7NElKaoy+2HzehQRgVR1cOhxWRW6btFAokTDGAHixL449E4xTYEIlkn
FSgmXV6ppxGhYB2AH4eV0+8/UPeEUb0fIp43D5Bqeooz4sMr9hdAgGFMdRA8PsGj
uTrK+7ePTwKcdie3Ea+3oHRXGavjVMrUJRna9e6uj7Nir5UqFK5oBEHbJJZwAF+7
WZ1DfRslb6pK8cMu8pm9wgszXONboUzoVNRqmyzDMbbq7aEjuc9z4YJNthzILRpf
seWy6bhvu22rKFlAsP7xs3v1vXdx8RwiKBexPyGOQkc0+usEVWzMh3I2YK3oqRPz
55q3m+FmPmonR0wkDO+dGs2FcIgfBiY71JAOUxKU3t3PYnhRljeVbSoYz0Fb9AgT
ZaiukXHbPzzE25BhoE+EOuMFGUvV3wBt1ElR0x8d3tlRQaFMbr7lN91rZTNyHb6d
wphVpM813AlBfzGr0OaNQFzZQhYdXqIT6MbA3LPj2cMHep/lqOQoJ42P73Uqk0C7
2I6smYOZeqhplOWliUVR80P7jGygX0qizFQ9u61mGsdnO7kt+jqcEzVwBbzyW//w
dBCEm5rwGwO3Si0lwJvIDdB+5f/yubOELkpaS4FATdXMDR+JEdyvgkdjtM42qUF9
Jv4F0kRrXCvSc5l1YtHJlsetf9fZXLzXffUY8TJypI1i9Nxis0ntGePMHRrdfRY1
ExWIpCnOveA0JHldxkHMpUJQUPRKuP9Hkb+4t1uofcOZRExGfBZATe0yHTuYd4+a
1SNNgvIKHHxLypOgYKYp8dmmSDHGYfVckx2Yj6LiB35uXMiPP7kK007NSW+HwgiR
wRMJr5CZoWxXIc6pXVt5uAPp9+5enc2imiSUjwoQdvRkA1RzArbSZS/JSNEnMpst
NFBAqDt8txeKiuH7sCCh4P9X5oXWZF/+GJHHRmywxkFtxulU3feBnK6tjxmy2Dyq
V9OaW5HzhDJ6PjCDOoi9WZ/3VAWRs6mRcrXQO1u3x6TDpRo42KZ6angM9Laia6yP
3LAXxs7S22A0HQY6CtZEcgBX0fh7da/hoFYbVj2yHL+kTsQlEINoxU0vNR7YH9bk
XLWYZ2m1w05VsDYhhCkeBzI9LG+mt8LYRWD0DX+QThNWSgVieq986DfiZt27P4RL
Bchu0FVmj5kL2dM2as4bXoG9vXML9jysSjI0/9YvDldPQN5vU9iKXe0HqsTYMVl7
DtsfQUPPm1ugYzZhZNv9DwsbBlATx24ljcP+ARBgWrBKyK4GDW8uks6KNSzxLSKN
qwRGFHyVOWLGuhvzDkfwWih9Ce0+h1h0Dv+o8oOzqvgVYNGhTpfjJwSZkCxDNQwH
4mLWVP+AuDF4w8qtA+4IQ+Vef6ePL8BHjKXcMTOj+ln6cqKzLvSBSL+oFke7N2vU
S3jo9UaMsT8iPmY+Ou9+A7O3YcS78W/tMjFHJwjypy7F+Ak+BvxYp5f+1A6iZcG9
J601wvjNj1GoeuKkPR3vVxnxYFk0ivf5ewztxXYSPZwXlUtICkLnwpAkSv9GxahD
Sd41pM3VKpWHn3Xu2T7KpLWoRM7pKKB64C/igHgR1duRRrxJp0+vhgCr8Od1D2SY
iAvPkNQvSp9AxN4m9mPKW/7vKxueUt4Uy0znj/QUYRZNO8hfYLnaNC9gbBgoTZIC
6SuJwtU0B15aB4ukPHXV9qlCvh/kWtV/qwF5Zb12Mf+GGdrIb75/JSTYu7ne6Ptq
SM8e09If9nZcrQ7AW/cWSvSin5dKDGXy+0z63T/+xqMsTfdr0nYwkIo1gW2Hl96q
DERdpAP0p2eWaVOL5vVHwUkTJ5TYudBpwh4xRQ3FexU8RlY0r22Z4UMmavHlLUgg
JvN2arDmd7pLo5ZMrHB87znzdX0N9F32QOfFFBxxiqEbAvFB6K1z0ivC6zK/rxt9
6z+BQj0KFqPMUTBo9iqNe5pRO0MIG4rIeBlqZWfDGhCC6EootZuNdVeom8t4ZwwA
bYn+AKIV/r7o3hLc0A654xPqjb2tyC0uI9DIkhup7M8Ec4hr+r1JvzMprZXFqZmn
HK7r2YTMedCD81s2cSootG/jC3d9OpjE9Hfxkj/zfpwrTaqjME/5/EwjiF5oofFu
WgVJFGB9W18Gr/egXSpG04Z2WzI3oihS2FLfXJvCNqP7OBadtlIln4h3qaQ2/xrh
WpQWOt/zP7ZPk8HrcsGMKQ8z/PMJZuf5LJ4T9RytMrebdhr+8Olw9mfKa7lXhGDt
hmDQ6QdyO+bWeAqT9PKRDvTup7MQEb5iaArLg2BCIwqOlkPA7XqQXUIEuWcdPJKB
RdRiHtslzNvX3HlcK4cPq+E+Zg6n6ICtGqoIC8vDtrE09jA9bKAS4fpSk0X10XwY
DyTe8dW2P7MV3a31syjUouM29wBwfD0zAQQPaI6Klw5JSGDDCOvEsv9YksFbwvRg
cHv2XHf6awafnGHQtqisK801iJDSmaWt9b5/2zrQYcJLc7PRbmSpvYpr1ijSxHgD
HwoTddr6cr+3+AlW7SWwi59McYQrVNdLvNRI44rYgdFv2/CHrvcr6TtIro/z3IHR
BEkYb7FdnvhaAXYtPS1iebZu35Ts4JTbdvJ9ORtXnUqgIRsb6754HEgMCcuaRmrh
86Nk0qHHEUWyxTcsizNnerk1l/gnham68wJNHxkj6ziU036z//lQAal8W4Tt3GUo
lGmCawHNXsv8JlEtzpHlql0AAYrNkbA0e/0VfNcvRFVx1qg4lc+8omrEEu6SXi1S
SXucuerVePFJNWlAvfTvXOeMPV4VvqmBUUkmg+egQ00NQTFa6LTtedOJy85TK9t+
cZLenNKW9VhssNng+ZoN6BRolvBakG8mjYVgGal9Wx7bywhjMdFnrJ3bZA7lfxWn
+sM5bj36f9AgxUaX4EuWDULrgMfi81bSd8lXe+hkhi1xHsO9XH7ySc8hKHMUKv5K
Qit8+INn8O3GRc6OHICTbLea6dFXR67YUglbIjysj78ox6aUvkVzv7Fni+WUX4yM
+ubKTODYQmXmdq3sKiIDWO35dE1NuGu95UCLj3Tt/xa8ZXdT7WgQlpF4IssI5D0i
ezhujSyPvffNPhWv7aGII2Wp3K+wVemOnMEjkOI4+GSQY94QXsI5Eob/Nbd5tkka
rZBuQZgQP5NkU35bgb4PCDvJlyzLMcigZQdmyxVs/3O+tI/M9JQhHYBOAck9vMBc
BwSmbgwZUL3k5ZOe1LbTyss2P9bGQNCHNfP/pQVwumfugymhaUMeLQBFC5CVGdvO
94mkiHM0pecLdoOwXFP7UF9fVWsgeHf/KKGWmypIpxFhFlWa97vqOdYbdeURh2p6
nGfM9SsKL8vACnQCA419Eg2C8r0cRUVM6uY9AQpclDjJeGZng4LJsq8nAgz2GmWc
PYJxm6CNIzFnUdg/HTnizePySEFFFLaxcepKwXUqwN4rfWa5RxPYXU2Qt17NB3e4
IxraP53WdM68NXQSae+2uqXNCLh9/STGW9BCS0vobyjCNU3osTFIVIMWp2rOdJef
+1IVKC4XnIQz5b4Gv2UyLlbYklXYdb133GixPuTjOr0SJIe4om5vHCxHqAzNmU9i
P9l5T/cWjBXI6JcF7uWx+g==
