nmap -vv --reason -Pn -sU -A --top-ports=20 --version-all -oN "/home/kali/Desktop/Development/writeups/hack-the-box/Irked/enum/autorecon/scans/_top_20_udp_nmap.txt" -oX "/home/kali/Desktop/Development/writeups/hack-the-box/Irked/enum/autorecon/scans/xml/_top_20_udp_nmap.xml" irked.htb

nmap -vv --reason -Pn -A --osscan-guess --version-all -p- -oN "/home/kali/Desktop/Development/writeups/hack-the-box/Irked/enum/autorecon/scans/_full_tcp_nmap.txt" -oX "/home/kali/Desktop/Development/writeups/hack-the-box/Irked/enum/autorecon/scans/xml/_full_tcp_nmap.xml" irked.htb

nmap -vv --reason -Pn -sV -sC --version-all -oN "/home/kali/Desktop/Development/writeups/hack-the-box/Irked/enum/autorecon/scans/_quick_tcp_nmap.txt" -oX "/home/kali/Desktop/Development/writeups/hack-the-box/Irked/enum/autorecon/scans/xml/_quick_tcp_nmap.xml" irked.htb

if [ "False" == "True" ]; then sslscan --show-certificate --no-colour irked.htb:22 2>&1 | tee "/home/kali/Desktop/Development/writeups/hack-the-box/Irked/enum/autorecon/scans/tcp_22_sslscan.txt"; fi

nmap -vv --reason -Pn -sV -p 22 --script="banner,ssh2-enum-algos,ssh-hostkey,ssh-auth-methods" -oN "/home/kali/Desktop/Development/writeups/hack-the-box/Irked/enum/autorecon/scans/tcp_22_ssh_nmap.txt" -oX "/home/kali/Desktop/Development/writeups/hack-the-box/Irked/enum/autorecon/scans/xml/tcp_22_ssh_nmap.xml" irked.htb

if [ "False" == "True" ]; then sslscan --show-certificate --no-colour irked.htb:80 2>&1 | tee "/home/kali/Desktop/Development/writeups/hack-the-box/Irked/enum/autorecon/scans/tcp_80_sslscan.txt"; fi

nmap -vv --reason -Pn -sV -p 80 --script="banner,(http* or ssl*) and not (brute or broadcast or dos or external or http-slowloris* or fuzzer)" -oN "/home/kali/Desktop/Development/writeups/hack-the-box/Irked/enum/autorecon/scans/tcp_80_http_nmap.txt" -oX "/home/kali/Desktop/Development/writeups/hack-the-box/Irked/enum/autorecon/scans/xml/tcp_80_http_nmap.xml" irked.htb

curl -sSik http://irked.htb:80/ -m 10 2>&1 | tee "/home/kali/Desktop/Development/writeups/hack-the-box/Irked/enum/autorecon/scans/tcp_80_http_index.html"

curl -sSik http://irked.htb:80/robots.txt -m 10 2>&1 | tee "/home/kali/Desktop/Development/writeups/hack-the-box/Irked/enum/autorecon/scans/tcp_80_http_robots.txt"

if hash wkhtmltoimage 2> /dev/null; then wkhtmltoimage --format png http://irked.htb:80/ /home/kali/Desktop/Development/writeups/hack-the-box/Irked/enum/autorecon/scans/tcp_80_http_screenshot.png; fi

whatweb --color=never --no-errors -a 3 -v http://irked.htb:80 2>&1 | tee "/home/kali/Desktop/Development/writeups/hack-the-box/Irked/enum/autorecon/scans/tcp_80_http_whatweb.txt"

nikto -ask=no -h http://irked.htb:80 2>&1 | tee "/home/kali/Desktop/Development/writeups/hack-the-box/Irked/enum/autorecon/scans/tcp_80_http_nikto.txt"

if [[ `gobuster -h 2>&1 | grep -F "mode (dir)"` ]]; then gobuster -u http://irked.htb:80/ -w /usr/share/seclists/Discovery/Web-Content/common.txt -e -k -l -s "200,204,301,302,307,401,403" -x "txt,html,php,asp,aspx,jsp" -o "/home/kali/Desktop/Development/writeups/hack-the-box/Irked/enum/autorecon/scans/tcp_80_http_gobuster.txt"; else gobuster dir -u http://irked.htb:80/ -w /usr/share/seclists/Discovery/Web-Content/common.txt -z -k -l -x "txt,html,php,asp,aspx,jsp" -o "/home/kali/Desktop/Development/writeups/hack-the-box/Irked/enum/autorecon/scans/tcp_80_http_gobuster.txt"; fi

if [ "False" == "True" ]; then sslscan --show-certificate --no-colour irked.htb:111 2>&1 | tee "/home/kali/Desktop/Development/writeups/hack-the-box/Irked/enum/autorecon/scans/tcp_111_sslscan.txt"; fi

nmap -vv --reason -Pn -sV -p 111 --script="banner,(rpcinfo or nfs*) and not (brute or broadcast or dos or external or fuzzer)" -oN "/home/kali/Desktop/Development/writeups/hack-the-box/Irked/enum/autorecon/scans/tcp_111_nfs_nmap.txt" -oX "/home/kali/Desktop/Development/writeups/hack-the-box/Irked/enum/autorecon/scans/xml/tcp_111_nfs_nmap.xml" irked.htb

showmount -e irked.htb 2>&1 | tee "/home/kali/Desktop/Development/writeups/hack-the-box/Irked/enum/autorecon/scans/tcp_111_showmount.txt"

nmap -vv --reason -Pn -sV -p 111 --script="banner,msrpc-enum,rpc-grind,rpcinfo" -oN "/home/kali/Desktop/Development/writeups/hack-the-box/Irked/enum/autorecon/scans/tcp_111_rpc_nmap.txt" -oX "/home/kali/Desktop/Development/writeups/hack-the-box/Irked/enum/autorecon/scans/xml/tcp_111_rpc_nmap.xml" irked.htb

if [ "False" == "True" ]; then sslscan --show-certificate --no-colour irked.htb:6697 2>&1 | tee "/home/kali/Desktop/Development/writeups/hack-the-box/Irked/enum/autorecon/scans/tcp_6697_sslscan.txt"; fi

if [ "False" == "True" ]; then sslscan --show-certificate --no-colour irked.htb:8067 2>&1 | tee "/home/kali/Desktop/Development/writeups/hack-the-box/Irked/enum/autorecon/scans/tcp_8067_sslscan.txt"; fi

if [ "False" == "True" ]; then sslscan --show-certificate --no-colour irked.htb:59054 2>&1 | tee "/home/kali/Desktop/Development/writeups/hack-the-box/Irked/enum/autorecon/scans/tcp_59054_sslscan.txt"; fi

if [ "False" == "True" ]; then sslscan --show-certificate --no-colour irked.htb:65534 2>&1 | tee "/home/kali/Desktop/Development/writeups/hack-the-box/Irked/enum/autorecon/scans/tcp_65534_sslscan.txt"; fi

