U2FsdGVkX1/jgDVk4apZmyqsPpGGGshQGpmMV3tQMqCCC6jFwSIvgMBXyzpEFJmB
vI5ML9cM6veQ6DyeLp4/5gExa7zW4edfJjoif2UuzD8dzqvDkpuoMg5TFSzqvBR9
bPY3lnUCjvzNMgF/YTKDQqFlAKifkkLZkkeNaaCi6Shvo7ig9h93C4l5hsFzV+CL
3kF3TC+5DbLICeCvgBTcg8q0xDA50ImfTQGIPbuVMMLjFhL2Bi9VwavNBjXPBkCU
TbjqgX4cGwO1kY9qzcjq5chIXPkWaTpVjbGws0gmes8rEytN11PDIhBHEnVWrPzS
LJlTg6/Xw8FRpZ1PEjsL3/PxCRSpEFd047UIY1TsD7fRwk0quE2Y0FBPVl75qUmO
ooueQo1dqgMKjVcS/eE40THloAIrgCbXLc70L4fbbThgCRpq+rgp5buxfeZImg+k
/U0KIHbUrNemXqggv9cOlEpU0USqC1HCwGsDZfID+ly6OCV3wqAtVwW+Hw05R5e9
Wqv6x/0dp+0fjPiHCGFofgECKc1rK8kZgsnl0D90dJGVAePTkZ0ME/Ki9vC+0C7V
27TfYcIy/CyGqowL3Ngv4BRcm70ocBF1bZ9wLAezP6X+jBel2kqLLcY0h/EevzMO
X86NhlGc5j7fI8DkR+36jMB2bp2ejR3n6rQDScfEpEJOFy/8JLx5z3ZomdJny42c
xLzbTr9lO+kJgLW8LBoDw6ZiTiaDwz4AXpVtrL7rrV3bjRWCAazCJXgkc544bKrP
Jtaz5tNECzMRwTm76HzPND/ui2xBYGyh+tVnBxJjwCpaQRcXz09VCDHVupts2k3q
SsD5cZg80zoygNWGRhELdhZzYzbR0iyCOLYHuKkbaDQMuKwdS5wg3xPzrMLVhPFb
Fs6udC/Y8CXJp+57nwk96WqztsmjJUtiULvvLF26ARFQnCUjV89Tg3ONaqmm7p5u
/2zJRqjGXSVHj5R0MJ4vxsgyhZCniHduoI567eCJMNK19IPbFrzSGmz9CWzpN4UO
EwshMMAuMKaiZ5YqfseRIafO9edG0qO1FKv0QaJ8SI3/wesOQDM/LGIli9OPTu7K
QmerLebnxaBs9B1MCg7MHwS5xRCwsG5/4IqLVMLq1mhHHpl24zYuFhO/Z8ZuNrme
EzuWs/uIclQ3BD+MAcKMB5XbyVJZaYVW60o4oY+ksXQ/XbPB7TvCgK9346faXdPw
931+gwf3QI05crCUpjQRFKirdDGbkptq7L+0jYvy3WRy8FKVUfpUsUrI6RyM2b58
VzKpGcZCEX0iaCh7/ZkJq7Q8RDWw2MHkYKjDtTmusy9GPW67ZL0aUt6t+ngO7kay
JP2Mmt+fIEvU0fkFDpALKIHMm+tgX/CUuKD5kBK4nPCPedH6mX2/FEezHTSX48bu
0axve2SmzoliYBPdZWOlyJyvq7dPaKk6rP9t0dT1pby5bIrmD/DykLSa7PiP/qpC
cfuQ4Iii/m9tf+vpkhY6cZ72XPjuxLd4cTLvaqqj1KzC3g+iRUc52JpYY21klBKv
w4nHeORyVJAamlB+Cs5LrUZo0LB/4cEI8S+AGUfWlWumD40gzQaoW2DwQcMKQBfj
Bnsldak0ntM8Gx0aSgrCN+h2ACHH0eWSZU8qVY8Oq/AydQc7z4kroqXHD0nsRiw3
cKu7YRKctfcUfxL7SB5x+hx2tgcL0JKn9glA5EQVuhUVWUUbHBdWWPxrETf0E+u7
fFUbiarNDpwvVY9ubJkjEYMtpgQ0Jp7sl7tYFVhWmchtz4SvpX5KB5nOzMyL+iqp
SB24Xb66oNIfOg/VxgPr1znT0w+oZyZ4OfeqwScDFreQZVqw0whmhAEWN2EIUwzS
YCUbMmZsnEpek9kCPpSIxO4av6W12x+11lKLaAjz5MWroNiyWoqiuj02UEmUTN0d
8T3hcctRbnDsDTyJz0tPRoLyud5/JwzINUHiEVr/yvl4xZ6mL7JLdf+SJiWVDC2R
x50y58iTaAaAByTkUTyJ4p0AY3rZe5zKuItXyBdzQPU6e9zCEljfJVIAMm6616na
2u3BcNHyev4fIgrB9D10c9UDCh9V9bKKkIVKzU2GXIMb4ztWNbUc0X07B4szPmrL
ci9/yL1tmROVooomSS6JmOYh/oojcCLOe3cHX3yeiygE5dl8bEsFKyWoIfzPjERr
7up27rVMxwZX0xKL0EKonXiWpJNuZg9dPjnl+k+fTQnqJhWj3PkxQqornpTw/hcw
Vw6W3SGbH8MLQimvbVi1Qt3wapEtloZ4RN40Up0FVGX6+jTBWiOYYcQBDAOp1AaN
vpeyVeCti/fxS7cvKQkvn4rlapOTHRjZdPPnKTlbaerJITrz9obgNsOGO9f+B+IE
xBw3kfa1mCnmG2y3BCV3AFNfQVrl6Ne9djZLg7uQNJ8DDiI0CCCaC2TYIHc92pkn
UY7Qvb3zhj+8ASWHuovTySQerQpjOO8kQydff2rWX6ovyz5XfSA/PWCIN2Yu9fuY
nU2fnaLkJIV7a/tLd3APQS4fTdEWIhPmoqzwqwRz78pMIlqsPo9MnxUYJMOks5on
CB613afZtcYGDRlLobgyY/hKUztPpnAJ8UO5ZG8Ogb7MUqRYbb60s879vBH9eR6B
Crb0LNEoIZEmKOz4X9eXcPB0XtxSUfR/NzF4pvKTknzvavc4uBNyHSj1wAgfWEzq
yOrYGY2jYeFBMxo0Iqs0wNi1c1d44hBTtCI+gsUr3vrdxxH2r5PxGE7dMVSkqg7P
OJ8ksYT4asD6mBJ5eqxiAKULwyBtiP1OqgxPXeMxBXu/7Kphmfl3fFvyyVDrF4hP
PQgL8A1yEUlZ0ZVZbzR7MnsSA0cgTUmRitzOOuVnuwTYlhFbHrHWNSLp07AqDelh
KRFIc8naMblq/Dmh5ReFm93Jvgg5+y9aCskGDQ828jyWkTNIlK1YGpd5OrpiGeQe
all4Sl2k0a9yUs9EbKaDE+Qny/R+lN/XuTLtJmFBnIEHgCEGnkPT7polqVxx64fi
aW1PX8sMsmr+hmgWHoRKwH4CFIQOEWe6G4G1IupABwinWcXqbhKUpOyL/PDUVov/
YOgrjQgaov8i+2gqREEpyYbdALS+jcct8+BlCMlZV78jIxmzN5bPmJjuWrDwziTh
YqgU7VGEcz62P/qHI9KlA4kMMyniKrbZnsswHfGS2c90q58Rrmh96TY1YMYu8wlW
OdqBNLQwMW5vYMupYNHV8A/1aQqHJ0NMcj9XWP8wpX7boz0NMLKgu0j/6Q11Dj3a
77LYIvAUFa/CVDUCShfFTaC/cj8Mc76I9mi/Ce/00UVHjtTDTtxX4TldmyUhhKD2
HBiCg3is/LM386VFxV0mKIacK9CDgTCu5Rtv1/l7mgckd3uogWotgMyMuB2f7/Yw
MBh7kp/g9Kl0CIDVpbACcEjv0l0tSWa7WESmL1zEgW/FTvKo2IFYCSXo+BY8GxuB
b0V6Uhm+93WgerUIigScAc/39qPTzxiKhjjt/al+y1bZpw3m2EnfMWcpC7DMWCKR
hFOq235RJydArHF4QvVWQ8sxo8i6CSEre/ood9VUdOdCXNL4veQmaBc6Y8ZF1X8N
X2o89PwB9YXznlu7zcZ+aFTuNhi1iNGpTXsiOM3m1hPHIhsuRUgEqqXYsRYvpkup
xeF0YhEBg5kOcda9ljdTWlBTmIehTPuc+eAB3h64lXcvITETXNylLMbNurXu8/RZ
OZ1ojL+dFUbwx4FRdjOtcgpDhvPRdgx8SnKrKwCG3Tz+BcwdE348Ri78AWh3ecSz
o1huy+DbA1Pb4KrxPL6s8Nor0BRg3fgUWlRyA9Ez0cSxqwhWW3ILgouf51X1B2CV
fhNbVLW0199dQcFNdu6/Ts7bYnI6a1ZVELqJqYVdB+g427zRcNZ1j9pNY1v3MYrK
TaRfl1gaQm6ylxNVV3ppuOhC/l00pAuCauDsVHtnqpvxOyBMzpUMgcooyvyttj4+
5A5qFdIBTE4tLuphBUNWhzlXTynOjUq4FmeKivRO8KJQQO9oAd0U58Vi3Fjjenha
w3UQphgnTTzjIBRXU6b52kKFukQWP90WtoHDOARNpdygXn2a+GxP+aSK7qDqWlpc
UAY/feZZcZc0VjSoBj8h4Aw9bj9OpyieydTnqA2uT5MRM9vjJ/J6xso6C0JEce3+
zZOrymkRQMk++M9Nz0jGR4MMXnz4bV1gy+rq19sRZj5+2NNxUAzGl1QBuZ2VsJWm
eEZpPEV2Qq5zfXIIZR57iDXBKU6mgety99zTd2Q3dsIFVYxICUDQWAjlQSCZhUJc
YKNuwL65ymXQC5pzYYDbFurdVxAN1/xPpTt6kyaqgG4pVmoIAoMKbb5tohLZp6LI
7oltD3VOgt+fh3Yr0iAFD1gPC0TXVm5NOdaC0FAQE+IcbplvJAzQZy/3mLJhbUJU
IWz0dbA8TG5pZ6WfDPyZbgf8JuxOv3lJt8Y1dv5gGblwabt0ljllXjQ41LzfGr6n
JUd+LXlg7iZY6JntNcOlSPYyKHkJtcnGPiKCe89H9MbgMZejzPlRSEfipxqyyKGZ
qpVBvFLt8aYa6TSyxXBZm0jv/xXbT2Hfotuatlv4NpE0VnJjPY9C9yuEo3iAwZI8
84QFCnKWe6HmGAkYIP5wq/mXF4Bg/g6z2RVwJVWIpv2sCX/Sr2gjf8+lLvWEZHm1
JytezxxDqmR9ZecM77X07vCM3xGvClPOrAI1K6UVy4ut4P9cZjk98qhou/qSVMc6
NSiWmy2H+OHjsT5QuCHhiz5yWA6kuz+12n4ZeEA8JbXSKRiTV64AWvVJGehpvgSJ
2cxB6aIaMauhy4jupf8BgloUSWPNnJsc8FEL8dJUNoE=
